#
# A fatal error has been detected by the Java Runtime Environment:
#
#  SIGBUS (0x7) at pc=0x00007f3caf5f6f30, pid=11087, tid=0x00007f3cb71c8700
#
# JRE version: OpenJDK Runtime Environment (8.0_144-b01) (build 1.8.0_144-b01)
# Java VM: OpenJDK 64-Bit Server VM (25.144-b01 mixed mode linux-amd64 compressed oops)
# Problematic frame:
# C  [libzip.so+0x4f30]
#
# Core dump written. Default location: /home/rhusar/Skola/Bakalarka/perun/perun-core/core or core.11087
#
# If you would like to submit a bug report, please visit:
#   http://bugreport.java.com/bugreport/crash.jsp
# The crash happened outside the Java Virtual Machine in native code.
# See problematic frame for where to report the bug.
#

---------------  T H R E A D  ---------------

Current thread (0x00007f3cb0008d20):  JavaThread "main" [_thread_in_native, id=11090, stack(0x00007f3cb70c8000,0x00007f3cb71c9000)]

siginfo: si_signo: 7 (SIGBUS), si_code: 2 (BUS_ADRERR), si_addr: 0x00007f3cb6fe8623

Registers:
RAX=0x00007f3cb0bfa1a0, RBX=0x00007f3cb0204cb0, RCX=0x00007f3cb00008d8, RDX=0x00007f3cb0bfa1a0
RSP=0x00007f3cb71c5450, RBP=0x00007f3cb71c54c0, RSI=0x00007f3cb0b06c70, RDI=0x0000000000000048
R8 =0x0000000005442af1, R9 =0x000000000000000e, R10=0x00007f3ca0733f18, R11=0x0000000000000004
R12=0x0000000000001605, R13=0x0000000005442af1, R14=0x00007f3cb0bfa1a0, R15=0x00007f3cb6fe8605
RIP=0x00007f3caf5f6f30, EFLAGS=0x0000000000010206, CSGSFS=0x002b000000000033, ERR=0x0000000000000004
  TRAPNO=0x000000000000000e

Top of Stack: (sp=0x00007f3cb71c5450)
0x00007f3cb71c5450:   657269776f747541 00007f3ca05f24e7
0x00007f3cb71c5460:   0000000084f758a0 00000000e5b1c370
0x00007f3cb71c5470:   30305c2900001fa0 00007f3c9af5fe48
0x00007f3cb71c5480:   00007f3cb0008d20 00000000b5c16161
0x00007f3cb71c5490:   000000000000000e 00007f3cb02070d0
0x00007f3cb71c54a0:   000000000000000e 0000000005442af1
0x00007f3cb71c54b0:   00007f3cb0204cb0 00007f3cb08e18e0
0x00007f3cb71c54c0:   00007f3cb71c5510 00007f3caf5f7bde
0x00007f3cb71c54d0:   01007f3c0000000e 00007f3cb71c5530
0x00007f3cb71c54e0:   00007f3cb71c55f0 000000000000000e
0x00007f3cb71c54f0:   00007f3cb0008f78 00007f3cb71c5988
0x00007f3cb71c5500:   00007f3cb71c5530 00007f3cb0204cb0
0x00007f3cb71c5510:   00007f3cb71c5970 00007f3caf5f5be5
0x00007f3cb71c5520:   00007f3cb0009200 00007f3c00000001
0x00007f3cb71c5530:   61622d6e75726570 00006c6d782e6573
0x00007f3cb71c5540:   00007f3cb00091e0 00007f3cb0009208
0x00007f3cb71c5550:   00007f3cb00092c8 00000000000000d8
0x00007f3cb71c5560:   00007f3cb71c5c70 286e616542657461
0x00007f3cb71c5570:   00007f3cb0008d20 00007f3cb0649970
0x00007f3cb71c5580:   00007f3c9af5fe48 00000000e5b1c370
0x00007f3cb71c5590:   00007f3cb71c5a50 00007f3ca07aa4cc
0x00007f3cb71c55a0:   0000000000000000 00007f3cb71c5790
0x00007f3cb71c55b0:   656d617266676e69 cf6ea434cdd33a00
0x00007f3cb71c55c0:   6f746361662e736e 00007f3cb71c5690
0x00007f3cb71c55d0:   00007f3cb71c57e0 00007f3cb71c5790
0x00007f3cb71c55e0:   00007f3cb71c56d0 00007f3cb71c5690
0x00007f3cb71c55f0:   00007f3cb71c5780 00007f3cb5a097f1
0x00007f3cb71c5600:   6361727473624128 7269776f74754174
0x00007f3cb71c5610:   656c626170614365 00007f3cb71c5650
0x00007f3cb71c5620:   00007f3cb71c5640 00007f3cb0008f78
0x00007f3cb71c5630:   61393030305c4130 00007f3cb0009200
0x00007f3cb71c5640:   00007f3c9af5fe48 00007f3cb0008d20 

Instructions: (pc=0x00007f3caf5f6f30)
0x00007f3caf5f6f10:   00 00 00 48 c7 40 28 00 00 00 00 4d 8b 24 24 0f
0x00007f3caf5f6f20:   84 1b 01 00 00 4c 2b 63 28 4c 8b 7b 18 4d 01 e7
0x00007f3caf5f6f30:   41 0f b7 47 1e 45 0f b7 6f 1c 45 31 e4 66 89 45
0x00007f3caf5f6f40:   ca 41 0f b7 47 20 44 89 ea 66 89 45 c8 41 8b 47 

Register to memory mapping:

RAX=0x00007f3cb0bfa1a0 is an unknown value
RBX=0x00007f3cb0204cb0 is an unknown value
RCX=0x00007f3cb00008d8 is an unknown value
RDX=0x00007f3cb0bfa1a0 is an unknown value
RSP=0x00007f3cb71c5450 is pointing into the stack for thread: 0x00007f3cb0008d20
RBP=0x00007f3cb71c54c0 is pointing into the stack for thread: 0x00007f3cb0008d20
RSI=0x00007f3cb0b06c70 is an unknown value
RDI=0x0000000000000048 is an unknown value
R8 =0x0000000005442af1 is an unknown value
R9 =0x000000000000000e is an unknown value
R10=0x00007f3ca0733f18 is at entry_point+88 in (nmethod*)0x00007f3ca0733d50
R11=0x0000000000000004 is an unknown value
R12=0x0000000000001605 is an unknown value
R13=0x0000000005442af1 is an unknown value
R14=0x00007f3cb0bfa1a0 is an unknown value
R15=0x00007f3cb6fe8605 is an unknown value


Stack: [0x00007f3cb70c8000,0x00007f3cb71c9000],  sp=0x00007f3cb71c5450,  free space=1013k
Native frames: (J=compiled Java code, j=interpreted, Vv=VM code, C=native code)
C  [libzip.so+0x4f30]
C  [libzip.so+0x5bde]
C  [libzip.so+0x3be5]  Java_java_util_zip_ZipFile_getEntry+0x85
J 101  java.util.zip.ZipFile.getEntry(J[BZ)J (0 bytes) @ 0x00007f3ca0733f8e [0x00007f3ca0733ec0+0xce]
J 3174 C2 java.util.jar.JarFile.getEntry(Ljava/lang/String;)Ljava/util/zip/ZipEntry; (22 bytes) @ 0x00007f3ca12108ac [0x00007f3ca1210540+0x36c]
J 1507 C2 sun.misc.URLClassPath$JarLoader.getResource(Ljava/lang/String;Z)Lsun/misc/Resource; (85 bytes) @ 0x00007f3ca0b60268 [0x00007f3ca0b60100+0x168]
J 11258 C2 sun.misc.URLClassPath.findResource(Ljava/lang/String;Z)Ljava/net/URL; (47 bytes) @ 0x00007f3ca2394a50 [0x00007f3ca2394860+0x1f0]
J 4547 C1 java.net.URLClassLoader$2.run()Ljava/lang/Object; (5 bytes) @ 0x00007f3ca1655a74 [0x00007f3ca1655a00+0x74]
v  ~StubRoutines::call_stub
V  [libjvm.so+0x6abccb]
V  [libjvm.so+0x701454]  JVM_DoPrivileged+0x504
J 3712  java.security.AccessController.doPrivileged(Ljava/security/PrivilegedAction;Ljava/security/AccessControlContext;)Ljava/lang/Object; (0 bytes) @ 0x00007f3ca1391dd5 [0x00007f3ca1391d00+0xd5]
J 4546 C1 java.net.URLClassLoader.findResource(Ljava/lang/String;)Ljava/net/URL; (37 bytes) @ 0x00007f3ca167c43c [0x00007f3ca167c360+0xdc]
J 4542 C1 java.lang.ClassLoader.getResource(Ljava/lang/String;)Ljava/net/URL; (36 bytes) @ 0x00007f3ca16564ac [0x00007f3ca16563a0+0x10c]
J 4763 C1 java.net.URLClassLoader.getResourceAsStream(Ljava/lang/String;)Ljava/io/InputStream; (137 bytes) @ 0x00007f3ca172eb6c [0x00007f3ca172eb00+0x6c]
J 5614 C1 org.springframework.core.io.ClassPathResource.getInputStream()Ljava/io/InputStream; (88 bytes) @ 0x00007f3ca1a2bd54 [0x00007f3ca1a2bba0+0x1b4]
j  org.springframework.beans.factory.xml.XmlBeanDefinitionReader.loadBeanDefinitions(Lorg/springframework/core/io/support/EncodedResource;)I+127
j  org.springframework.beans.factory.xml.XmlBeanDefinitionReader.loadBeanDefinitions(Lorg/springframework/core/io/Resource;)I+9
j  org.springframework.beans.factory.support.AbstractBeanDefinitionReader.loadBeanDefinitions([Lorg/springframework/core/io/Resource;)I+34
j  org.springframework.beans.factory.support.AbstractBeanDefinitionReader.loadBeanDefinitions(Ljava/lang/String;Ljava/util/Set;)I+63
j  org.springframework.beans.factory.support.AbstractBeanDefinitionReader.loadBeanDefinitions(Ljava/lang/String;)I+3
j  org.springframework.beans.factory.support.AbstractBeanDefinitionReader.loadBeanDefinitions([Ljava/lang/String;)I+34
j  org.springframework.test.context.support.AbstractGenericContextLoader.loadBeanDefinitions(Lorg/springframework/context/support/GenericApplicationContext;Lorg/springframework/test/context/MergedContextConfiguration;)V+9
j  org.springframework.test.context.support.AbstractGenericContextLoader.loadContext(Lorg/springframework/test/context/MergedContextConfiguration;)Lorg/springframework/context/ConfigurableApplicationContext;+81
j  org.springframework.test.context.support.AbstractGenericContextLoader.loadContext(Lorg/springframework/test/context/MergedContextConfiguration;)Lorg/springframework/context/ApplicationContext;+2
j  org.springframework.test.context.support.AbstractDelegatingSmartContextLoader.delegateLoading(Lorg/springframework/test/context/SmartContextLoader;Lorg/springframework/test/context/MergedContextConfiguration;)Lorg/springframework/context/ApplicationContext;+41
j  org.springframework.test.context.support.AbstractDelegatingSmartContextLoader.loadContext(Lorg/springframework/test/context/MergedContextConfiguration;)Lorg/springframework/context/ApplicationContext;+123
j  org.springframework.test.context.cache.DefaultCacheAwareContextLoaderDelegate.loadContextInternal(Lorg/springframework/test/context/MergedContextConfiguration;)Lorg/springframework/context/ApplicationContext;+27
j  org.springframework.test.context.cache.DefaultCacheAwareContextLoaderDelegate.loadContext(Lorg/springframework/test/context/MergedContextConfiguration;)Lorg/springframework/context/ApplicationContext;+24
j  org.springframework.test.context.support.DefaultTestContext.getApplicationContext()Lorg/springframework/context/ApplicationContext;+8
j  org.springframework.test.context.support.DependencyInjectionTestExecutionListener.injectDependencies(Lorg/springframework/test/context/TestContext;)V+8
j  org.springframework.test.context.support.DependencyInjectionTestExecutionListener.prepareTestInstance(Lorg/springframework/test/context/TestContext;)V+45
j  org.springframework.test.context.TestContextManager.prepareTestInstance(Ljava/lang/Object;)V+95
j  org.springframework.test.context.junit4.SpringJUnit4ClassRunner.createTest()Ljava/lang/Object;+10
j  org.springframework.test.context.junit4.SpringJUnit4ClassRunner$1.runReflectiveCall()Ljava/lang/Object;+4
J 8158 C1 org.junit.internal.runners.model.ReflectiveCallable.run()Ljava/lang/Object; (11 bytes) @ 0x00007f3ca1e6dfac [0x00007f3ca1e6df40+0x6c]
j  org.springframework.test.context.junit4.SpringJUnit4ClassRunner.methodBlock(Lorg/junit/runners/model/FrameworkMethod;)Lorg/junit/runners/model/Statement;+8
j  org.springframework.test.context.junit4.SpringJUnit4ClassRunner.runChild(Lorg/junit/runners/model/FrameworkMethod;Lorg/junit/runner/notification/RunNotifier;)V+24
j  org.springframework.test.context.junit4.SpringJUnit4ClassRunner.runChild(Ljava/lang/Object;Lorg/junit/runner/notification/RunNotifier;)V+6
j  org.junit.runners.ParentRunner$3.run()V+12
j  org.junit.runners.ParentRunner$1.schedule(Ljava/lang/Runnable;)V+1
j  org.junit.runners.ParentRunner.runChildren(Lorg/junit/runner/notification/RunNotifier;)V+44
j  org.junit.runners.ParentRunner.access$000(Lorg/junit/runners/ParentRunner;Lorg/junit/runner/notification/RunNotifier;)V+2
j  org.junit.runners.ParentRunner$2.evaluate()V+8
j  org.springframework.test.context.junit4.statements.RunBeforeTestClassCallbacks.evaluate()V+11
j  org.springframework.test.context.junit4.statements.RunAfterTestClassCallbacks.evaluate()V+12
j  org.junit.runners.ParentRunner.run(Lorg/junit/runner/notification/RunNotifier;)V+20
j  org.springframework.test.context.junit4.SpringJUnit4ClassRunner.run(Lorg/junit/runner/notification/RunNotifier;)V+24
j  org.apache.maven.surefire.junit4.JUnit4Provider.execute(Ljava/lang/Class;Lorg/junit/runner/notification/RunNotifier;[Ljava/lang/String;)V+106
j  org.apache.maven.surefire.junit4.JUnit4Provider.executeWithRerun(Ljava/lang/Class;Lorg/junit/runner/notification/RunNotifier;[Ljava/lang/String;)V+18
j  org.apache.maven.surefire.junit4.JUnit4Provider.executeTestSet(Ljava/lang/Class;Lorg/apache/maven/surefire/report/RunListener;Lorg/junit/runner/notification/RunNotifier;)V+72
j  org.apache.maven.surefire.junit4.JUnit4Provider.invoke(Ljava/lang/Object;)Lorg/apache/maven/surefire/suite/RunResult;+161
j  org.apache.maven.surefire.booter.ForkedBooter.invokeProviderInSameClassLoader(Ljava/lang/Object;Ljava/lang/Object;Lorg/apache/maven/surefire/booter/ProviderConfiguration;ZLorg/apache/maven/surefire/booter/StartupConfiguration;Z)Lorg/apache/maven/surefire/suite/RunResult;+23
j  org.apache.maven.surefire.booter.ForkedBooter.runSuitesInProcess(Ljava/lang/Object;Lorg/apache/maven/surefire/booter/StartupConfiguration;Lorg/apache/maven/surefire/booter/ProviderConfiguration;Ljava/io/PrintStream;)Lorg/apache/maven/surefire/suite/RunResult;+14
j  org.apache.maven.surefire.booter.ForkedBooter.main([Ljava/lang/String;)V+183
v  ~StubRoutines::call_stub
V  [libjvm.so+0x6abccb]
V  [libjvm.so+0x6d1f47]
V  [libjvm.so+0x6d4a03]
C  [libjli.so+0x3796]
C  [libpthread.so.0+0x7609]  start_thread+0xd9

Java frames: (J=compiled Java code, j=interpreted, Vv=VM code)
J 101  java.util.zip.ZipFile.getEntry(J[BZ)J (0 bytes) @ 0x00007f3ca0733f18 [0x00007f3ca0733ec0+0x58]
J 3174 C2 java.util.jar.JarFile.getEntry(Ljava/lang/String;)Ljava/util/zip/ZipEntry; (22 bytes) @ 0x00007f3ca12108ac [0x00007f3ca1210540+0x36c]
J 1507 C2 sun.misc.URLClassPath$JarLoader.getResource(Ljava/lang/String;Z)Lsun/misc/Resource; (85 bytes) @ 0x00007f3ca0b60268 [0x00007f3ca0b60100+0x168]
J 11258 C2 sun.misc.URLClassPath.findResource(Ljava/lang/String;Z)Ljava/net/URL; (47 bytes) @ 0x00007f3ca2394a50 [0x00007f3ca2394860+0x1f0]
J 4547 C1 java.net.URLClassLoader$2.run()Ljava/lang/Object; (5 bytes) @ 0x00007f3ca1655a74 [0x00007f3ca1655a00+0x74]
v  ~StubRoutines::call_stub
J 3712  java.security.AccessController.doPrivileged(Ljava/security/PrivilegedAction;Ljava/security/AccessControlContext;)Ljava/lang/Object; (0 bytes) @ 0x00007f3ca1391d63 [0x00007f3ca1391d00+0x63]
J 4546 C1 java.net.URLClassLoader.findResource(Ljava/lang/String;)Ljava/net/URL; (37 bytes) @ 0x00007f3ca167c43c [0x00007f3ca167c360+0xdc]
J 4542 C1 java.lang.ClassLoader.getResource(Ljava/lang/String;)Ljava/net/URL; (36 bytes) @ 0x00007f3ca16564ac [0x00007f3ca16563a0+0x10c]
J 4763 C1 java.net.URLClassLoader.getResourceAsStream(Ljava/lang/String;)Ljava/io/InputStream; (137 bytes) @ 0x00007f3ca172eb6c [0x00007f3ca172eb00+0x6c]
J 5614 C1 org.springframework.core.io.ClassPathResource.getInputStream()Ljava/io/InputStream; (88 bytes) @ 0x00007f3ca1a2bd54 [0x00007f3ca1a2bba0+0x1b4]
j  org.springframework.beans.factory.xml.XmlBeanDefinitionReader.loadBeanDefinitions(Lorg/springframework/core/io/support/EncodedResource;)I+127
j  org.springframework.beans.factory.xml.XmlBeanDefinitionReader.loadBeanDefinitions(Lorg/springframework/core/io/Resource;)I+9
j  org.springframework.beans.factory.support.AbstractBeanDefinitionReader.loadBeanDefinitions([Lorg/springframework/core/io/Resource;)I+34
j  org.springframework.beans.factory.support.AbstractBeanDefinitionReader.loadBeanDefinitions(Ljava/lang/String;Ljava/util/Set;)I+63
j  org.springframework.beans.factory.support.AbstractBeanDefinitionReader.loadBeanDefinitions(Ljava/lang/String;)I+3
j  org.springframework.beans.factory.support.AbstractBeanDefinitionReader.loadBeanDefinitions([Ljava/lang/String;)I+34
j  org.springframework.test.context.support.AbstractGenericContextLoader.loadBeanDefinitions(Lorg/springframework/context/support/GenericApplicationContext;Lorg/springframework/test/context/MergedContextConfiguration;)V+9
j  org.springframework.test.context.support.AbstractGenericContextLoader.loadContext(Lorg/springframework/test/context/MergedContextConfiguration;)Lorg/springframework/context/ConfigurableApplicationContext;+81
j  org.springframework.test.context.support.AbstractGenericContextLoader.loadContext(Lorg/springframework/test/context/MergedContextConfiguration;)Lorg/springframework/context/ApplicationContext;+2
j  org.springframework.test.context.support.AbstractDelegatingSmartContextLoader.delegateLoading(Lorg/springframework/test/context/SmartContextLoader;Lorg/springframework/test/context/MergedContextConfiguration;)Lorg/springframework/context/ApplicationContext;+41
j  org.springframework.test.context.support.AbstractDelegatingSmartContextLoader.loadContext(Lorg/springframework/test/context/MergedContextConfiguration;)Lorg/springframework/context/ApplicationContext;+123
j  org.springframework.test.context.cache.DefaultCacheAwareContextLoaderDelegate.loadContextInternal(Lorg/springframework/test/context/MergedContextConfiguration;)Lorg/springframework/context/ApplicationContext;+27
j  org.springframework.test.context.cache.DefaultCacheAwareContextLoaderDelegate.loadContext(Lorg/springframework/test/context/MergedContextConfiguration;)Lorg/springframework/context/ApplicationContext;+24
j  org.springframework.test.context.support.DefaultTestContext.getApplicationContext()Lorg/springframework/context/ApplicationContext;+8
j  org.springframework.test.context.support.DependencyInjectionTestExecutionListener.injectDependencies(Lorg/springframework/test/context/TestContext;)V+8
j  org.springframework.test.context.support.DependencyInjectionTestExecutionListener.prepareTestInstance(Lorg/springframework/test/context/TestContext;)V+45
j  org.springframework.test.context.TestContextManager.prepareTestInstance(Ljava/lang/Object;)V+95
j  org.springframework.test.context.junit4.SpringJUnit4ClassRunner.createTest()Ljava/lang/Object;+10
j  org.springframework.test.context.junit4.SpringJUnit4ClassRunner$1.runReflectiveCall()Ljava/lang/Object;+4
J 8158 C1 org.junit.internal.runners.model.ReflectiveCallable.run()Ljava/lang/Object; (11 bytes) @ 0x00007f3ca1e6dfac [0x00007f3ca1e6df40+0x6c]
j  org.springframework.test.context.junit4.SpringJUnit4ClassRunner.methodBlock(Lorg/junit/runners/model/FrameworkMethod;)Lorg/junit/runners/model/Statement;+8
j  org.springframework.test.context.junit4.SpringJUnit4ClassRunner.runChild(Lorg/junit/runners/model/FrameworkMethod;Lorg/junit/runner/notification/RunNotifier;)V+24
j  org.springframework.test.context.junit4.SpringJUnit4ClassRunner.runChild(Ljava/lang/Object;Lorg/junit/runner/notification/RunNotifier;)V+6
j  org.junit.runners.ParentRunner$3.run()V+12
j  org.junit.runners.ParentRunner$1.schedule(Ljava/lang/Runnable;)V+1
j  org.junit.runners.ParentRunner.runChildren(Lorg/junit/runner/notification/RunNotifier;)V+44
j  org.junit.runners.ParentRunner.access$000(Lorg/junit/runners/ParentRunner;Lorg/junit/runner/notification/RunNotifier;)V+2
j  org.junit.runners.ParentRunner$2.evaluate()V+8
j  org.springframework.test.context.junit4.statements.RunBeforeTestClassCallbacks.evaluate()V+11
j  org.springframework.test.context.junit4.statements.RunAfterTestClassCallbacks.evaluate()V+12
j  org.junit.runners.ParentRunner.run(Lorg/junit/runner/notification/RunNotifier;)V+20
j  org.springframework.test.context.junit4.SpringJUnit4ClassRunner.run(Lorg/junit/runner/notification/RunNotifier;)V+24
j  org.apache.maven.surefire.junit4.JUnit4Provider.execute(Ljava/lang/Class;Lorg/junit/runner/notification/RunNotifier;[Ljava/lang/String;)V+106
j  org.apache.maven.surefire.junit4.JUnit4Provider.executeWithRerun(Ljava/lang/Class;Lorg/junit/runner/notification/RunNotifier;[Ljava/lang/String;)V+18
j  org.apache.maven.surefire.junit4.JUnit4Provider.executeTestSet(Ljava/lang/Class;Lorg/apache/maven/surefire/report/RunListener;Lorg/junit/runner/notification/RunNotifier;)V+72
j  org.apache.maven.surefire.junit4.JUnit4Provider.invoke(Ljava/lang/Object;)Lorg/apache/maven/surefire/suite/RunResult;+161
j  org.apache.maven.surefire.booter.ForkedBooter.invokeProviderInSameClassLoader(Ljava/lang/Object;Ljava/lang/Object;Lorg/apache/maven/surefire/booter/ProviderConfiguration;ZLorg/apache/maven/surefire/booter/StartupConfiguration;Z)Lorg/apache/maven/surefire/suite/RunResult;+23
j  org.apache.maven.surefire.booter.ForkedBooter.runSuitesInProcess(Ljava/lang/Object;Lorg/apache/maven/surefire/booter/StartupConfiguration;Lorg/apache/maven/surefire/booter/ProviderConfiguration;Ljava/io/PrintStream;)Lorg/apache/maven/surefire/suite/RunResult;+14
j  org.apache.maven.surefire.booter.ForkedBooter.main([Ljava/lang/String;)V+183
v  ~StubRoutines::call_stub

---------------  P R O C E S S  ---------------

Java Threads: ( => current thread )
  0x00007f3cb019ca80 JavaThread "Service Thread" daemon [_thread_blocked, id=11102, stack(0x00007f3c99675000,0x00007f3c99776000)]
  0x00007f3cb0190310 JavaThread "C1 CompilerThread2" daemon [_thread_blocked, id=11101, stack(0x00007f3c99776000,0x00007f3c99877000)]
  0x00007f3cb001b470 JavaThread "C2 CompilerThread1" daemon [_thread_blocked, id=11100, stack(0x00007f3c99877000,0x00007f3c99978000)]
  0x00007f3cb0182100 JavaThread "C2 CompilerThread0" daemon [_thread_blocked, id=11099, stack(0x00007f3c99978000,0x00007f3c99a79000)]
  0x00007f3cb01807f0 JavaThread "Signal Dispatcher" daemon [_thread_blocked, id=11098, stack(0x00007f3c99a79000,0x00007f3c99b7a000)]
  0x00007f3cb0157230 JavaThread "Finalizer" daemon [_thread_blocked, id=11097, stack(0x00007f3c99b7a000,0x00007f3c99c7b000)]
  0x00007f3cb01531a0 JavaThread "Reference Handler" daemon [_thread_blocked, id=11096, stack(0x00007f3c99c7b000,0x00007f3c99d7c000)]
=>0x00007f3cb0008d20 JavaThread "main" [_thread_in_native, id=11090, stack(0x00007f3cb70c8000,0x00007f3cb71c9000)]

Other Threads:
  0x00007f3cb0149cb0 VMThread [stack: 0x00007f3c99d7c000,0x00007f3c99e7d000] [id=11095]
  0x00007f3cb019e910 WatcherThread [stack: 0x00007f3c99574000,0x00007f3c99675000] [id=11103]

VM state:not at safepoint (normal execution)

VM Mutex/Monitor currently owned by a thread: None

Heap:
 PSYoungGen      total 635392K, used 266555K [0x00000000d6f80000, 0x0000000100000000, 0x0000000100000000)
  eden space 613888K, 39% used [0x00000000d6f80000,0x00000000e5f16bc8,0x00000000fc700000)
  from space 21504K, 98% used [0x00000000fc700000,0x00000000fdbb83d0,0x00000000fdc00000)
  to   space 30208K, 0% used [0x00000000fe280000,0x00000000fe280000,0x0000000100000000)
 ParOldGen       total 109568K, used 32714K [0x0000000084e00000, 0x000000008b900000, 0x00000000d6f80000)
  object space 109568K, 29% used [0x0000000084e00000,0x0000000086df2a30,0x000000008b900000)
 Metaspace       used 41755K, capacity 42926K, committed 43136K, reserved 1087488K
  class space    used 4358K, capacity 4627K, committed 4736K, reserved 1048576K

Card table byte_map: [0x00007f3c9fe58000,0x00007f3ca0232000] byte_map_base: 0x00007f3c9fa31000

Marking Bits: (ParMarkBitMap*) 0x00007f3cb6374b20
 Begin Bits: [0x00007f3c9bb34000, 0x00007f3c9d9fc000)
 End Bits:   [0x00007f3c9d9fc000, 0x00007f3c9f8c4000)

Polling page: 0x00007f3cb71e3000

CodeCache: size=245760Kb used=32321Kb max_used=32414Kb free=213438Kb
 bounds [0x00007f3ca05f2000, 0x00007f3ca25e2000, 0x00007f3caf5f2000]
 total_blobs=9035 nmethods=8576 adapters=371
 compilation: enabled

Compilation events (10 events):
Event: 93.493 Thread 0x00007f3cb0190310 12159       3       org.hsqldb.navigator.RowSetNavigatorData::reset (5 bytes)
Event: 93.494 Thread 0x00007f3cb0190310 nmethod 12159 0x00007f3ca1940410 code [0x00007f3ca1940580, 0x00007f3ca1940730]
Event: 93.541 Thread 0x00007f3cb0182100 12160       4       java.util.LinkedList::remove (77 bytes)
Event: 93.544 Thread 0x00007f3cb0182100 nmethod 12160 0x00007f3ca1787150 code [0x00007f3ca17872a0, 0x00007f3ca17873f8]
Event: 93.585 Thread 0x00007f3cb0182100 12161       4       java.lang.reflect.Executable::sharedGetParameterAnnotations (39 bytes)
Event: 93.680 Thread 0x00007f3cb0182100 nmethod 12161 0x00007f3ca0f4f890 code [0x00007f3ca0f4fae0, 0x00007f3ca0f50e50]
Event: 93.793 Thread 0x00007f3cb001b470 12162       4       java.util.Collections$SingletonSet::iterator (8 bytes)
Event: 93.795 Thread 0x00007f3cb001b470 nmethod 12162 0x00007f3ca114b5d0 code [0x00007f3ca114b720, 0x00007f3ca114b7d8]
Event: 93.849 Thread 0x00007f3cb0190310 12163       3       org.hsqldb.Scanner::shiftPrefixes (109 bytes)
Event: 93.850 Thread 0x00007f3cb0190310 nmethod 12163 0x00007f3ca0adc690 code [0x00007f3ca0adc800, 0x00007f3ca0adca70]

GC Heap History (10 events):
Event: 64.564 GC heap before
{Heap before GC invocations=23 (full 2):
 PSYoungGen      total 580096K, used 577405K [0x00000000d6f80000, 0x00000000fbf80000, 0x0000000100000000)
  eden space 559104K, 100% used [0x00000000d6f80000,0x00000000f9180000,0x00000000f9180000)
  from space 20992K, 87% used [0x00000000fa800000,0x00000000fb9df6b0,0x00000000fbc80000)
  to   space 23040K, 0% used [0x00000000f9180000,0x00000000f9180000,0x00000000fa800000)
 ParOldGen       total 109568K, used 31130K [0x0000000084e00000, 0x000000008b900000, 0x00000000d6f80000)
  object space 109568K, 28% used [0x0000000084e00000,0x0000000086c66a30,0x000000008b900000)
 Metaspace       used 41362K, capacity 42538K, committed 42880K, reserved 1087488K
  class space    used 4358K, capacity 4627K, committed 4736K, reserved 1048576K
Event: 64.700 GC heap after
Heap after GC invocations=23 (full 2):
 PSYoungGen      total 582144K, used 17700K [0x00000000d6f80000, 0x0000000100000000, 0x0000000100000000)
  eden space 559104K, 0% used [0x00000000d6f80000,0x00000000d6f80000,0x00000000f9180000)
  from space 23040K, 76% used [0x00000000f9180000,0x00000000fa2c9200,0x00000000fa800000)
  to   space 24064K, 0% used [0x00000000fe880000,0x00000000fe880000,0x0000000100000000)
 ParOldGen       total 109568K, used 31138K [0x0000000084e00000, 0x000000008b900000, 0x00000000d6f80000)
  object space 109568K, 28% used [0x0000000084e00000,0x0000000086c68a30,0x000000008b900000)
 Metaspace       used 41362K, capacity 42538K, committed 42880K, reserved 1087488K
  class space    used 4358K, capacity 4627K, committed 4736K, reserved 1048576K
}
Event: 72.136 GC heap before
{Heap before GC invocations=24 (full 2):
 PSYoungGen      total 582144K, used 576804K [0x00000000d6f80000, 0x0000000100000000, 0x0000000100000000)
  eden space 559104K, 100% used [0x00000000d6f80000,0x00000000f9180000,0x00000000f9180000)
  from space 23040K, 76% used [0x00000000f9180000,0x00000000fa2c9200,0x00000000fa800000)
  to   space 24064K, 0% used [0x00000000fe880000,0x00000000fe880000,0x0000000100000000)
 ParOldGen       total 109568K, used 31138K [0x0000000084e00000, 0x000000008b900000, 0x00000000d6f80000)
  object space 109568K, 28% used [0x0000000084e00000,0x0000000086c68a30,0x000000008b900000)
 Metaspace       used 41493K, capacity 42666K, committed 42880K, reserved 1087488K
  class space    used 4358K, capacity 4627K, committed 4736K, reserved 1048576K
Event: 72.372 GC heap after
Heap after GC invocations=24 (full 2):
 PSYoungGen      total 645120K, used 18963K [0x00000000d6f80000, 0x0000000100000000, 0x0000000100000000)
  eden space 621056K, 0% used [0x00000000d6f80000,0x00000000d6f80000,0x00000000fce00000)
  from space 24064K, 78% used [0x00000000fe880000,0x00000000ffb04f10,0x0000000100000000)
  to   space 25600K, 0% used [0x00000000fce00000,0x00000000fce00000,0x00000000fe700000)
 ParOldGen       total 109568K, used 31138K [0x0000000084e00000, 0x000000008b900000, 0x00000000d6f80000)
  object space 109568K, 28% used [0x0000000084e00000,0x0000000086c68a30,0x000000008b900000)
 Metaspace       used 41493K, capacity 42666K, committed 42880K, reserved 1087488K
  class space    used 4358K, capacity 4627K, committed 4736K, reserved 1048576K
}
Event: 80.437 GC heap before
{Heap before GC invocations=25 (full 2):
 PSYoungGen      total 645120K, used 640019K [0x00000000d6f80000, 0x0000000100000000, 0x0000000100000000)
  eden space 621056K, 100% used [0x00000000d6f80000,0x00000000fce00000,0x00000000fce00000)
  from space 24064K, 78% used [0x00000000fe880000,0x00000000ffb04f10,0x0000000100000000)
  to   space 25600K, 0% used [0x00000000fce00000,0x00000000fce00000,0x00000000fe700000)
 ParOldGen       total 109568K, used 31138K [0x0000000084e00000, 0x000000008b900000, 0x00000000d6f80000)
  object space 109568K, 28% used [0x0000000084e00000,0x0000000086c68a30,0x000000008b900000)
 Metaspace       used 41617K, capacity 42794K, committed 43136K, reserved 1087488K
  class space    used 4358K, capacity 4627K, committed 4736K, reserved 1048576K
Event: 80.621 GC heap after
Heap after GC invocations=25 (full 2):
 PSYoungGen      total 642048K, used 20950K [0x00000000d6f80000, 0x0000000100000000, 0x0000000100000000)
  eden space 621056K, 0% used [0x00000000d6f80000,0x00000000d6f80000,0x00000000fce00000)
  from space 20992K, 99% used [0x00000000fce00000,0x00000000fe275b10,0x00000000fe280000)
  to   space 27648K, 0% used [0x00000000fe500000,0x00000000fe500000,0x0000000100000000)
 ParOldGen       total 109568K, used 32018K [0x0000000084e00000, 0x000000008b900000, 0x00000000d6f80000)
  object space 109568K, 29% used [0x0000000084e00000,0x0000000086d44a30,0x000000008b900000)
 Metaspace       used 41617K, capacity 42794K, committed 43136K, reserved 1087488K
  class space    used 4358K, capacity 4627K, committed 4736K, reserved 1048576K
}
Event: 87.253 GC heap before
{Heap before GC invocations=26 (full 2):
 PSYoungGen      total 642048K, used 642006K [0x00000000d6f80000, 0x0000000100000000, 0x0000000100000000)
  eden space 621056K, 100% used [0x00000000d6f80000,0x00000000fce00000,0x00000000fce00000)
  from space 20992K, 99% used [0x00000000fce00000,0x00000000fe275b10,0x00000000fe280000)
  to   space 27648K, 0% used [0x00000000fe500000,0x00000000fe500000,0x0000000100000000)
 ParOldGen       total 109568K, used 32018K [0x0000000084e00000, 0x000000008b900000, 0x00000000d6f80000)
  object space 109568K, 29% used [0x0000000084e00000,0x0000000086d44a30,0x000000008b900000)
 Metaspace       used 41701K, capacity 42922K, committed 43136K, reserved 1087488K
  class space    used 4358K, capacity 4627K, committed 4736K, reserved 1048576K
Event: 87.487 GC heap after
Heap after GC invocations=26 (full 2):
 PSYoungGen      total 641536K, used 20516K [0x00000000d6f80000, 0x0000000100000000, 0x0000000100000000)
  eden space 613888K, 0% used [0x00000000d6f80000,0x00000000d6f80000,0x00000000fc700000)
  from space 27648K, 74% used [0x00000000fe500000,0x00000000ff909210,0x0000000100000000)
  to   space 29184K, 0% used [0x00000000fc700000,0x00000000fc700000,0x00000000fe380000)
 ParOldGen       total 109568K, used 32506K [0x0000000084e00000, 0x000000008b900000, 0x00000000d6f80000)
  object space 109568K, 29% used [0x0000000084e00000,0x0000000086dbea30,0x000000008b900000)
 Metaspace       used 41701K, capacity 42922K, committed 43136K, reserved 1087488K
  class space    used 4358K, capacity 4627K, committed 4736K, reserved 1048576K
}
Event: 92.513 GC heap before
{Heap before GC invocations=27 (full 2):
 PSYoungGen      total 641536K, used 634404K [0x00000000d6f80000, 0x0000000100000000, 0x0000000100000000)
  eden space 613888K, 100% used [0x00000000d6f80000,0x00000000fc700000,0x00000000fc700000)
  from space 27648K, 74% used [0x00000000fe500000,0x00000000ff909210,0x0000000100000000)
  to   space 29184K, 0% used [0x00000000fc700000,0x00000000fc700000,0x00000000fe380000)
 ParOldGen       total 109568K, used 32506K [0x0000000084e00000, 0x000000008b900000, 0x00000000d6f80000)
  object space 109568K, 29% used [0x0000000084e00000,0x0000000086dbea30,0x000000008b900000)
 Metaspace       used 41745K, capacity 42926K, committed 43136K, reserved 1087488K
  class space    used 4358K, capacity 4627K, committed 4736K, reserved 1048576K
Event: 92.592 GC heap after
Heap after GC invocations=27 (full 2):
 PSYoungGen      total 635392K, used 21216K [0x00000000d6f80000, 0x0000000100000000, 0x0000000100000000)
  eden space 613888K, 0% used [0x00000000d6f80000,0x00000000d6f80000,0x00000000fc700000)
  from space 21504K, 98% used [0x00000000fc700000,0x00000000fdbb83d0,0x00000000fdc00000)
  to   space 30208K, 0% used [0x00000000fe280000,0x00000000fe280000,0x0000000100000000)
 ParOldGen       total 109568K, used 32714K [0x0000000084e00000, 0x000000008b900000, 0x00000000d6f80000)
  object space 109568K, 29% used [0x0000000084e00000,0x0000000086df2a30,0x000000008b900000)
 Metaspace       used 41745K, capacity 42926K, committed 43136K, reserved 1087488K
  class space    used 4358K, capacity 4627K, committed 4736K, reserved 1048576K
}

Deoptimization events (10 events):
Event: 64.732 Thread 0x00007f3cb0008d20 Uncommon trap: reason=null_check action=make_not_entrant pc=0x00007f3ca0c16e60 method=sun.reflect.generics.reflectiveObjects.ParameterizedTypeImpl.equals(Ljava/lang/Object;)Z @ 1
Event: 64.732 Thread 0x00007f3cb0008d20 Uncommon trap: reason=null_check action=make_not_entrant pc=0x00007f3ca0718810 method=sun.reflect.generics.reflectiveObjects.ParameterizedTypeImpl.equals(Ljava/lang/Object;)Z @ 1
Event: 67.506 Thread 0x00007f3cb0008d20 Uncommon trap: reason=null_check action=make_not_entrant pc=0x00007f3ca1d84bb4 method=org.springframework.beans.ExtendedBeanInfo.isCandidateWriteMethod(Ljava/lang/reflect/Method;)Z @ 47
Event: 76.092 Thread 0x00007f3cb0008d20 Uncommon trap: reason=range_check action=make_not_entrant pc=0x00007f3ca201a5d0 method=org.hsqldb.Expression.getLeftNode()Lorg/hsqldb/Expression; @ 13
Event: 77.653 Thread 0x00007f3cb0008d20 Uncommon trap: reason=predicate action=maybe_recompile pc=0x00007f3ca19c30d4 method=java.util.LinkedList.toArray([Ljava/lang/Object;)[Ljava/lang/Object; @ 45
Event: 78.263 Thread 0x00007f3cb0008d20 Uncommon trap: reason=array_check action=maybe_recompile pc=0x00007f3ca0fd2788 method=java.util.LinkedList.toArray([Ljava/lang/Object;)[Ljava/lang/Object; @ 55
Event: 78.264 Thread 0x00007f3cb0008d20 Uncommon trap: reason=array_check action=maybe_recompile pc=0x00007f3ca0fd2788 method=java.util.LinkedList.toArray([Ljava/lang/Object;)[Ljava/lang/Object; @ 55
Event: 78.268 Thread 0x00007f3cb0008d20 Uncommon trap: reason=array_check action=maybe_recompile pc=0x00007f3ca0fd2788 method=java.util.LinkedList.toArray([Ljava/lang/Object;)[Ljava/lang/Object; @ 55
Event: 78.269 Thread 0x00007f3cb0008d20 Uncommon trap: reason=array_check action=maybe_recompile pc=0x00007f3ca0fd2788 method=java.util.LinkedList.toArray([Ljava/lang/Object;)[Ljava/lang/Object; @ 55
Event: 86.151 Thread 0x00007f3cb0008d20 Uncommon trap: reason=unstable_if action=reinterpret pc=0x00007f3ca07acd80 method=java.lang.AbstractStringBuilder.append(Ljava/lang/String;)Ljava/lang/AbstractStringBuilder; @ 1

Internal exceptions (10 events):
Event: 93.633 Thread 0x00007f3cb0008d20 Exception <a 'java/lang/ClassNotFoundException': cz/metacentrum/perun/core/bl/FacilitiesManagerBlCustomizer> (0x00000000e28e97e8) thrown at [/builddir/build/BUILD/java-1.8.0-openjdk-1.8.0.144-7.b01.fc27.x86_64/openjdk/hotspot/src/share/vm/classfile/system
Event: 93.643 Thread 0x00007f3cb0008d20 Exception <a 'java/lang/ClassNotFoundException': cz/metacentrum/perun/core/implApi/MembersManagerImplApiCustomizer> (0x00000000e2c79d70) thrown at [/builddir/build/BUILD/java-1.8.0-openjdk-1.8.0.144-7.b01.fc27.x86_64/openjdk/hotspot/src/share/vm/classfile
Event: 93.651 Thread 0x00007f3cb0008d20 Exception <a 'java/lang/ClassNotFoundException': cz/metacentrum/perun/core/bl/MembersManagerBlCustomizer> (0x00000000e2e40200) thrown at [/builddir/build/BUILD/java-1.8.0-openjdk-1.8.0.144-7.b01.fc27.x86_64/openjdk/hotspot/src/share/vm/classfile/systemDic
Event: 93.670 Thread 0x00007f3cb0008d20 Exception <a 'java/lang/ClassNotFoundException': cz/metacentrum/perun/core/implApi/ResourcesManagerImplApiCustomizer> (0x00000000e345b6e0) thrown at [/builddir/build/BUILD/java-1.8.0-openjdk-1.8.0.144-7.b01.fc27.x86_64/openjdk/hotspot/src/share/vm/classfi
Event: 93.698 Thread 0x00007f3cb0008d20 Exception <a 'java/lang/ClassNotFoundException': cz/metacentrum/perun/core/bl/ResourcesManagerBlCustomizer> (0x00000000e3871bd0) thrown at [/builddir/build/BUILD/java-1.8.0-openjdk-1.8.0.144-7.b01.fc27.x86_64/openjdk/hotspot/src/share/vm/classfile/systemD
Event: 93.707 Thread 0x00007f3cb0008d20 Exception <a 'java/lang/ClassNotFoundException': cz/metacentrum/perun/core/implApi/ExtSourcesManagerImplApiCustomizer> (0x00000000e3b66538) thrown at [/builddir/build/BUILD/java-1.8.0-openjdk-1.8.0.144-7.b01.fc27.x86_64/openjdk/hotspot/src/share/vm/classf
Event: 93.712 Thread 0x00007f3cb0008d20 Exception <a 'java/lang/ClassNotFoundException': cz/metacentrum/perun/core/bl/ExtSourcesManagerBlCustomizer> (0x00000000e3c862a0) thrown at [/builddir/build/BUILD/java-1.8.0-openjdk-1.8.0.144-7.b01.fc27.x86_64/openjdk/hotspot/src/share/vm/classfile/system
Event: 93.722 Thread 0x00007f3cb0008d20 Exception <a 'java/lang/ClassNotFoundException': cz/metacentrum/perun/core/implApi/AttributesManagerImplApiCustomizer> (0x00000000e3ee0900) thrown at [/builddir/build/BUILD/java-1.8.0-openjdk-1.8.0.144-7.b01.fc27.x86_64/openjdk/hotspot/src/share/vm/classf
Event: 93.837 Thread 0x00007f3cb0008d20 Exception <a 'java/lang/ClassNotFoundException': cz/metacentrum/perun/core/bl/AttributesManagerBlCustomizer> (0x00000000e56e04a8) thrown at [/builddir/build/BUILD/java-1.8.0-openjdk-1.8.0.144-7.b01.fc27.x86_64/openjdk/hotspot/src/share/vm/classfile/system
Event: 93.850 Thread 0x00007f3cb0008d20 Exception <a 'java/lang/NullPointerException'> (0x00000000e5967b70) thrown at [/builddir/build/BUILD/java-1.8.0-openjdk-1.8.0.144-7.b01.fc27.x86_64/openjdk/hotspot/src/share/vm/interpreter/linkResolver.cpp, line 1197]

Events (10 events):
Event: 93.836 loading class cz/metacentrum/perun/core/bl/AttributesManagerBlCustomizer
Event: 93.836 loading class cz/metacentrum/perun/core/bl/AttributesManagerBlCustomizer done
Event: 93.836 loading class cz/metacentrum/perun/core/bl/AttributesManagerBlCustomizer
Event: 93.837 loading class cz/metacentrum/perun/core/bl/AttributesManagerBlCustomizer done
Event: 93.837 loading class cz/metacentrum/perun/core/bl/AttributesManagerBlCustomizer
Event: 93.837 loading class cz/metacentrum/perun/core/bl/AttributesManagerBlCustomizer done
Event: 93.854 loading class sun/reflect/GeneratedMethodAccessor118
Event: 93.854 loading class sun/reflect/GeneratedMethodAccessor118 done
Event: 93.854 loading class sun/reflect/GeneratedMethodAccessor118
Event: 93.854 loading class sun/reflect/GeneratedMethodAccessor118 done


Dynamic libraries:
84e00000-8b900000 rw-p 00000000 00:00 0 
8b900000-d6f80000 ---p 00000000 00:00 0 
d6f80000-100000000 rw-p 00000000 00:00 0 
100000000-1004a0000 rw-p 00000000 00:00 0 
1004a0000-140000000 ---p 00000000 00:00 0 
55983ec57000-55983ec58000 r-xp 00000000 fd:00 2097675                    /usr/lib/jvm/java-1.8.0-openjdk-1.8.0.144-7.b01.fc27.x86_64/jre/bin/java
55983ee57000-55983ee58000 r--p 00000000 fd:00 2097675                    /usr/lib/jvm/java-1.8.0-openjdk-1.8.0.144-7.b01.fc27.x86_64/jre/bin/java
55983ee58000-55983ee59000 rw-p 00001000 fd:00 2097675                    /usr/lib/jvm/java-1.8.0-openjdk-1.8.0.144-7.b01.fc27.x86_64/jre/bin/java
55983f50f000-55983f530000 rw-p 00000000 00:00 0                          [heap]
7f3c58000000-7f3c58021000 rw-p 00000000 00:00 0 
7f3c58021000-7f3c5c000000 ---p 00000000 00:00 0 
7f3c60000000-7f3c612e6000 rw-p 00000000 00:00 0 
7f3c612e6000-7f3c64000000 ---p 00000000 00:00 0 
7f3c64000000-7f3c64021000 rw-p 00000000 00:00 0 
7f3c64021000-7f3c68000000 ---p 00000000 00:00 0 
7f3c68000000-7f3c6a2c2000 rw-p 00000000 00:00 0 
7f3c6a2c2000-7f3c6c000000 ---p 00000000 00:00 0 
7f3c6c000000-7f3c6df15000 rw-p 00000000 00:00 0 
7f3c6df15000-7f3c70000000 ---p 00000000 00:00 0 
7f3c70000000-7f3c70021000 rw-p 00000000 00:00 0 
7f3c70021000-7f3c74000000 ---p 00000000 00:00 0 
7f3c74431000-7f3c745b1000 rw-p 00000000 00:00 0 
7f3c745b1000-7f3c74631000 ---p 00000000 00:00 0 
7f3c74631000-7f3c74831000 rw-p 00000000 00:00 0 
7f3c74831000-7f3c74a31000 rw-p 00000000 00:00 0 
7f3c74a31000-7f3c74c31000 rw-p 00000000 00:00 0 
7f3c74c31000-7f3c74e31000 rw-p 00000000 00:00 0 
7f3c74e31000-7f3c75031000 rw-p 00000000 00:00 0 
7f3c75031000-7f3c75231000 rw-p 00000000 00:00 0 
7f3c75231000-7f3c75431000 rw-p 00000000 00:00 0 
7f3c75431000-7f3c7c000000 r--p 00000000 fd:00 1976208                    /usr/lib/locale/locale-archive
7f3c7c000000-7f3c7c021000 rw-p 00000000 00:00 0 
7f3c7c021000-7f3c80000000 ---p 00000000 00:00 0 
7f3c80000000-7f3c80021000 rw-p 00000000 00:00 0 
7f3c80021000-7f3c84000000 ---p 00000000 00:00 0 
7f3c84000000-7f3c84021000 rw-p 00000000 00:00 0 
7f3c84021000-7f3c88000000 ---p 00000000 00:00 0 
7f3c88000000-7f3c88134000 rw-p 00000000 00:00 0 
7f3c88134000-7f3c8c000000 ---p 00000000 00:00 0 
7f3c8c000000-7f3c8c021000 rw-p 00000000 00:00 0 
7f3c8c021000-7f3c90000000 ---p 00000000 00:00 0 
7f3c90000000-7f3c90021000 rw-p 00000000 00:00 0 
7f3c90021000-7f3c94000000 ---p 00000000 00:00 0 
7f3c94000000-7f3c94021000 rw-p 00000000 00:00 0 
7f3c94021000-7f3c98000000 ---p 00000000 00:00 0 
7f3c98167000-7f3c98367000 rw-p 00000000 00:00 0 
7f3c98367000-7f3c98567000 rw-p 00000000 00:00 0 
7f3c98567000-7f3c98767000 rw-p 00000000 00:00 0 
7f3c98767000-7f3c98967000 rw-p 00000000 00:00 0 
7f3c98967000-7f3c98b67000 rw-p 00000000 00:00 0 
7f3c98d5f000-7f3c98d72000 r--s 00346000 fd:00 2097702                    /usr/lib/jvm/java-1.8.0-openjdk-1.8.0.144-7.b01.fc27.x86_64/jre/lib/resources.jar
7f3c98f63000-7f3c98f68000 r--s 000b3000 fd:00 2097694                    /usr/lib/jvm/java-1.8.0-openjdk-1.8.0.144-7.b01.fc27.x86_64/jre/lib/jsse.jar
7f3c98f68000-7f3c99168000 rw-p 00000000 00:00 0 
7f3c99168000-7f3c99368000 rw-p 00000000 00:00 0 
7f3c99368000-7f3c9936a000 r--s 0000f000 fd:02 1578493                    /home/rhusar/.m2/repository/org/apache/maven/surefire/surefire-junit4/2.18.1/surefire-junit4-2.18.1.jar
7f3c9936a000-7f3c9936e000 r--s 00042000 fd:02 1185941                    /home/rhusar/.m2/repository/com/fasterxml/jackson/core/jackson-core/2.8.10/jackson-core-2.8.10.jar
7f3c9936e000-7f3c99371000 r--s 0000b000 fd:02 1185957                    /home/rhusar/.m2/repository/com/fasterxml/jackson/core/jackson-annotations/2.8.0/jackson-annotations-2.8.0.jar
7f3c99371000-7f3c99383000 r--s 0011e000 fd:02 1185955                    /home/rhusar/.m2/repository/com/fasterxml/jackson/core/jackson-databind/2.8.10/jackson-databind-2.8.10.jar
7f3c99383000-7f3c99384000 r--s 0000f000 fd:02 1185951                    /home/rhusar/.m2/repository/org/json/json/20140107/json-20140107.jar
7f3c99384000-7f3c993ac000 r--s 001cf000 fd:02 1185943                    /home/rhusar/.m2/repository/com/google/guava/guava-jdk5/17.0/guava-jdk5-17.0.jar
7f3c993ac000-7f3c993ad000 r--s 00001000 fd:02 1185949                    /home/rhusar/.m2/repository/com/google/http-client/google-http-client-jackson2/1.22.0/google-http-client-jackson2-1.22.0.jar
7f3c993ad000-7f3c993af000 r--s 00003000 fd:02 1185904                    /home/rhusar/.m2/repository/com/google/code/findbugs/jsr305/3.0.2/jsr305-3.0.2.jar
7f3c993af000-7f3c993b8000 r--s 0004f000 fd:02 1185953                    /home/rhusar/.m2/repository/com/google/http-client/google-http-client/1.22.0/google-http-client-1.22.0.jar
7f3c993b8000-7f3c993ba000 r--s 0000d000 fd:02 1185939                    /home/rhusar/.m2/repository/com/google/oauth-client/google-oauth-client/1.22.0/google-oauth-client-1.22.0.jar
7f3c993ba000-7f3c993bf000 r--s 0002c000 fd:02 1185938                    /home/rhusar/.m2/repository/com/google/api-client/google-api-client/1.22.0/google-api-client-1.22.0.jar
7f3c993bf000-7f3c993c6000 r--s 00035000 fd:02 1185935                    /home/rhusar/.m2/repository/com/google/apis/google-api-services-admin-directory/directory_v1-rev78-1.22.0/google-api-services-admin-directory-directory_v1-rev78-1.22.0.jar
7f3c993c6000-7f3c993ce000 r--s 0006e000 fd:02 1185931                    /home/rhusar/.m2/repository/org/apache/commons/commons-lang3/3.5/commons-lang3-3.5.jar
7f3c993ce000-7f3c993cf000 r--s 00007000 fd:02 1185930                    /home/rhusar/.m2/repository/com/opencsv/opencsv/3.3/opencsv-3.3.jar
7f3c993cf000-7f3c993d3000 r--s 00038000 fd:02 1185631                    /home/rhusar/.m2/repository/org/apache/tomcat/tomcat-servlet-api/8.5.27/tomcat-servlet-api-8.5.27.jar
7f3c993d3000-7f3c993d4000 r--s 00000000 fd:02 1185927                    /home/rhusar/.m2/repository/net/jcip/jcip-annotations/1.0/jcip-annotations-1.0.jar
7f3c993d4000-7f3c993da000 r--s 0004a000 fd:02 1185926                    /home/rhusar/.m2/repository/cglib/cglib-nodep/2.2.2/cglib-nodep-2.2.2.jar
7f3c993da000-7f3c993dc000 r--s 00009000 fd:02 1185924                    /home/rhusar/.m2/repository/org/apache/httpcomponents/httpmime/4.5.5/httpmime-4.5.5.jar
7f3c993dc000-7f3c993e3000 r--s 0003f000 fd:02 1185921                    /home/rhusar/.m2/repository/commons-codec/commons-codec/1.10/commons-codec-1.10.jar
7f3c993e3000-7f3c993ea000 r--s 00049000 fd:02 1185920                    /home/rhusar/.m2/repository/org/apache/httpcomponents/httpcore/4.4.9/httpcore-4.4.9.jar
7f3c993ea000-7f3c993f8000 r--s 000ae000 fd:02 1185945                    /home/rhusar/.m2/repository/org/apache/httpcomponents/httpclient/4.5.5/httpclient-4.5.5.jar
7f3c993f8000-7f3c993fb000 r--s 00023000 fd:02 1185915                    /home/rhusar/.m2/repository/jdom/jdom/1.0/jdom-1.0.jar
7f3c993fb000-7f3c993fd000 r--s 0000f000 fd:02 1185913                    /home/rhusar/.m2/repository/javax/activation/activation/1.1.1/activation-1.1.1.jar
7f3c993fd000-7f3c99406000 r--s 0008c000 fd:02 1185911                    /home/rhusar/.m2/repository/com/sun/mail/javax.mail/1.5.6/javax.mail-1.5.6.jar
7f3c99406000-7f3c9941f000 r--s 001bf000 fd:02 1185909                    /home/rhusar/.m2/repository/org/aspectj/aspectjweaver/1.8.13/aspectjweaver-1.8.13.jar
7f3c9941f000-7f3c99422000 r--s 0000b000 fd:02 1186168                    /home/rhusar/.m2/repository/org/objenesis/objenesis/2.5.1/objenesis-2.5.1.jar
7f3c99422000-7f3c99424000 r--s 00009000 fd:02 1186166                    /home/rhusar/.m2/repository/net/bytebuddy/byte-buddy-agent/1.7.9/byte-buddy-agent-1.7.9.jar
7f3c99424000-7f3c99460000 r--s 0028e000 fd:02 1186164                    /home/rhusar/.m2/repository/net/bytebuddy/byte-buddy/1.7.9/byte-buddy-1.7.9.jar
7f3c99460000-7f3c9946f000 r--s 00075000 fd:02 1186162                    /home/rhusar/.m2/repository/org/mockito/mockito-core/2.13.0/mockito-core-2.13.0.jar
7f3c9946f000-7f3c99529000 r--s 00841000 fd:02 1713007                    /home/rhusar/.m2/repository/com/google/gwt/gwt-servlet/2.8.2/gwt-servlet-2.8.2.jar
7f3c99529000-7f3c99537000 r--s 000b1000 fd:02 1185610                    /home/rhusar/.m2/repository/org/codehaus/jackson/jackson-mapper-asl/1.9.13/jackson-mapper-asl-1.9.13.jar
7f3c99537000-7f3c9953b000 r--s 00035000 fd:02 1185623                    /home/rhusar/.m2/repository/org/codehaus/jackson/jackson-core-asl/1.9.13/jackson-core-asl-1.9.13.jar
7f3c9953b000-7f3c9953d000 r--s 00004000 fd:02 1185599                    /home/rhusar/.m2/repository/org/slf4j/log4j-over-slf4j/1.7.25/log4j-over-slf4j-1.7.25.jar
7f3c9953d000-7f3c9953f000 r--s 00000000 fd:02 1185624                    /home/rhusar/.m2/repository/org/slf4j/jul-to-slf4j/1.7.25/jul-to-slf4j-1.7.25.jar
7f3c9953f000-7f3c99541000 r--s 00003000 fd:02 1185620                    /home/rhusar/.m2/repository/org/slf4j/jcl-over-slf4j/1.7.25/jcl-over-slf4j-1.7.25.jar
7f3c99541000-7f3c99543000 r--s 00009000 fd:02 1185626                    /home/rhusar/.m2/repository/org/slf4j/slf4j-api/1.7.25/slf4j-api-1.7.25.jar
7f3c99543000-7f3c9954e000 r--s 0006a000 fd:02 1185598                    /home/rhusar/.m2/repository/ch/qos/logback/logback-core/1.1.11/logback-core-1.1.11.jar
7f3c9954e000-7f3c99555000 r--s 00045000 fd:02 1185616                    /home/rhusar/.m2/repository/ch/qos/logback/logback-classic/1.1.11/logback-classic-1.1.11.jar
7f3c99555000-7f3c99556000 r--s 00000000 fd:02 1185606                    /home/rhusar/.m2/repository/org/springframework/boot/spring-boot-starter-logging/1.5.10.RELEASE/spring-boot-starter-logging-1.5.10.RELEASE.jar
7f3c99556000-7f3c9955b000 r--s 00029000 fd:02 1185612                    /home/rhusar/.m2/repository/org/springframework/spring-context-support/4.3.14.RELEASE/spring-context-support-4.3.14.RELEASE.jar
7f3c9955b000-7f3c9955c000 r--s 0000c000 fd:02 1051241                    /home/rhusar/Skola/Bakalarka/perun/perun-base/target/perun-base-3.0.1-SNAPSHOT-default-tests.jar
7f3c9955c000-7f3c9955e000 r--s 00009000 fd:02 1185980                    /home/rhusar/.m2/repository/org/hamcrest/hamcrest-core/1.3/hamcrest-core-1.3.jar
7f3c9955e000-7f3c99566000 r--s 00045000 fd:02 1185978                    /home/rhusar/.m2/repository/junit/junit/4.12/junit-4.12.jar
7f3c99566000-7f3c99574000 r--s 00085000 fd:02 1185982                    /home/rhusar/.m2/repository/org/springframework/spring-test/4.3.14.RELEASE/spring-test-4.3.14.RELEASE.jar
7f3c99574000-7f3c99575000 ---p 00000000 00:00 0 
7f3c99575000-7f3c99675000 rw-p 00000000 00:00 0 
7f3c99675000-7f3c99678000 ---p 00000000 00:00 0 
7f3c99678000-7f3c99776000 rw-p 00000000 00:00 0 
7f3c99776000-7f3c99779000 ---p 00000000 00:00 0 
7f3c99779000-7f3c99877000 rw-p 00000000 00:00 0 
7f3c99877000-7f3c9987a000 ---p 00000000 00:00 0 
7f3c9987a000-7f3c99978000 rw-p 00000000 00:00 0 
7f3c99978000-7f3c9997b000 ---p 00000000 00:00 0 
7f3c9997b000-7f3c99a79000 rw-p 00000000 00:00 0 
7f3c99a79000-7f3c99a7c000 ---p 00000000 00:00 0 
7f3c99a7c000-7f3c99b7a000 rw-p 00000000 00:00 0 
7f3c99b7a000-7f3c99b7d000 ---p 00000000 00:00 0 
7f3c99b7d000-7f3c99c7b000 rw-p 00000000 00:00 0 
7f3c99c7b000-7f3c99c7e000 ---p 00000000 00:00 0 
7f3c99c7e000-7f3c99d7c000 rw-p 00000000 00:00 0 
7f3c99d7c000-7f3c99d7d000 ---p 00000000 00:00 0 
7f3c99d7d000-7f3c9ad8c000 rw-p 00000000 00:00 0 
7f3c9ad8c000-7f3c9af5b000 r--s 043f2000 fd:00 2097703                    /usr/lib/jvm/java-1.8.0-openjdk-1.8.0.144-7.b01.fc27.x86_64/jre/lib/rt.jar
7f3c9af5b000-7f3c9f8c4000 rw-p 00000000 00:00 0 
7f3c9f8c4000-7f3c9f8c5000 ---p 00000000 00:00 0 
7f3c9f8c5000-7f3c9f9c5000 rw-p 00000000 00:00 0 
7f3c9f9c5000-7f3c9f9c6000 ---p 00000000 00:00 0 
7f3c9f9c6000-7f3c9fac6000 rw-p 00000000 00:00 0 
7f3c9fac6000-7f3c9fac7000 ---p 00000000 00:00 0 
7f3c9fac7000-7f3c9fbfd000 rw-p 00000000 00:00 0 
7f3c9fbfd000-7f3c9fe58000 ---p 00000000 00:00 0 
7f3c9fe58000-7f3c9fe8e000 rw-p 00000000 00:00 0 
7f3c9fe8e000-7f3ca00e8000 ---p 00000000 00:00 0 
7f3ca00e8000-7f3ca0231000 rw-p 00000000 00:00 0 
7f3ca0231000-7f3ca02b2000 rw-p 00000000 00:00 0 
7f3ca02b2000-7f3ca05f2000 ---p 00000000 00:00 0 
7f3ca05f2000-7f3ca25e2000 rwxp 00000000 00:00 0 
7f3ca25e2000-7f3caf5f2000 ---p 00000000 00:00 0 
7f3caf5f2000-7f3caf5fa000 r-xp 00000000 fd:00 2097735                    /usr/lib/jvm/java-1.8.0-openjdk-1.8.0.144-7.b01.fc27.x86_64/jre/lib/amd64/libzip.so
7f3caf5fa000-7f3caf7f9000 ---p 00008000 fd:00 2097735                    /usr/lib/jvm/java-1.8.0-openjdk-1.8.0.144-7.b01.fc27.x86_64/jre/lib/amd64/libzip.so
7f3caf7f9000-7f3caf7fa000 r--p 00007000 fd:00 2097735                    /usr/lib/jvm/java-1.8.0-openjdk-1.8.0.144-7.b01.fc27.x86_64/jre/lib/amd64/libzip.so
7f3caf7fa000-7f3caf7fb000 rw-p 00000000 00:00 0 
7f3caf7fb000-7f3cb0000000 r--s 00000000 fd:00 786546                     /var/lib/sss/mc/passwd
7f3cb0000000-7f3cb0f8c000 rw-p 00000000 00:00 0 
7f3cb0f8c000-7f3cb4000000 ---p 00000000 00:00 0 
7f3cb4000000-7f3cb4005000 r--s 0003c000 fd:02 1185608                    /home/rhusar/.m2/repository/org/springframework/spring-expression/4.3.14.RELEASE/spring-expression-4.3.14.RELEASE.jar
7f3cb4005000-7f3cb401e000 r--s 000fe000 fd:02 1185602                    /home/rhusar/.m2/repository/org/springframework/spring-context/4.3.14.RELEASE/spring-context-4.3.14.RELEASE.jar
7f3cb401e000-7f3cb4027000 r--s 00054000 fd:02 1185600                    /home/rhusar/.m2/repository/org/springframework/spring-aop/4.3.14.RELEASE/spring-aop-4.3.14.RELEASE.jar
7f3cb4027000-7f3cb4039000 r--s 000b8000 fd:02 1185907                    /home/rhusar/.m2/repository/org/springframework/spring-web/4.3.14.RELEASE/spring-web-4.3.14.RELEASE.jar
7f3cb4039000-7f3cb4041000 r--s 0003a000 fd:02 1185905                    /home/rhusar/.m2/repository/org/springframework/spring-tx/4.3.14.RELEASE/spring-tx-4.3.14.RELEASE.jar
7f3cb4041000-7f3cb4057000 r--s 000fe000 fd:02 1185604                    /home/rhusar/.m2/repository/org/springframework/spring-core/4.3.14.RELEASE/spring-core-4.3.14.RELEASE.jar
7f3cb4057000-7f3cb4065000 r--s 000ad000 fd:02 1185601                    /home/rhusar/.m2/repository/org/springframework/spring-beans/4.3.14.RELEASE/spring-beans-4.3.14.RELEASE.jar
7f3cb4065000-7f3cb406f000 r--s 0005f000 fd:02 1185903                    /home/rhusar/.m2/repository/org/springframework/spring-jdbc/4.3.14.RELEASE/spring-jdbc-4.3.14.RELEASE.jar
7f3cb406f000-7f3cb4073000 r--s 0001c000 fd:02 1185901                    /home/rhusar/.m2/repository/org/apache/commons/commons-pool2/2.4.3/commons-pool2-2.4.3.jar
7f3cb4073000-7f3cb4081000 r--s 0015a000 fd:02 1185897                    /home/rhusar/.m2/repository/org/hsqldb/hsqldb/2.3.2/hsqldb-2.3.2.jar
7f3cb4081000-7f3cb40f7000 rw-p 00000000 00:00 0 
7f3cb40f7000-7f3cb40f8000 ---p 00000000 00:00 0 
7f3cb40f8000-7f3cb41f8000 rw-p 00000000 00:00 0 
7f3cb41f8000-7f3cb4200000 r-xp 00000000 fd:00 1978870                    /usr/lib64/libnss_sss.so.2
7f3cb4200000-7f3cb43ff000 ---p 00008000 fd:00 1978870                    /usr/lib64/libnss_sss.so.2
7f3cb43ff000-7f3cb4400000 r--p 00007000 fd:00 1978870                    /usr/lib64/libnss_sss.so.2
7f3cb4400000-7f3cb4401000 rw-p 00008000 fd:00 1978870                    /usr/lib64/libnss_sss.so.2
7f3cb4401000-7f3cb442f000 r-xp 00000000 fd:00 2097717                    /usr/lib/jvm/java-1.8.0-openjdk-1.8.0.144-7.b01.fc27.x86_64/jre/lib/amd64/libjava.so
7f3cb442f000-7f3cb462f000 ---p 0002e000 fd:00 2097717                    /usr/lib/jvm/java-1.8.0-openjdk-1.8.0.144-7.b01.fc27.x86_64/jre/lib/amd64/libjava.so
7f3cb462f000-7f3cb4630000 r--p 0002e000 fd:00 2097717                    /usr/lib/jvm/java-1.8.0-openjdk-1.8.0.144-7.b01.fc27.x86_64/jre/lib/amd64/libjava.so
7f3cb4630000-7f3cb4631000 rw-p 0002f000 fd:00 2097717                    /usr/lib/jvm/java-1.8.0-openjdk-1.8.0.144-7.b01.fc27.x86_64/jre/lib/amd64/libjava.so
7f3cb4631000-7f3cb4632000 rw-p 00000000 00:00 0 
7f3cb4632000-7f3cb463f000 r-xp 00000000 fd:00 2097734                    /usr/lib/jvm/java-1.8.0-openjdk-1.8.0.144-7.b01.fc27.x86_64/jre/lib/amd64/libverify.so
7f3cb463f000-7f3cb483f000 ---p 0000d000 fd:00 2097734                    /usr/lib/jvm/java-1.8.0-openjdk-1.8.0.144-7.b01.fc27.x86_64/jre/lib/amd64/libverify.so
7f3cb483f000-7f3cb4841000 r--p 0000d000 fd:00 2097734                    /usr/lib/jvm/java-1.8.0-openjdk-1.8.0.144-7.b01.fc27.x86_64/jre/lib/amd64/libverify.so
7f3cb4841000-7f3cb4842000 rw-p 00000000 00:00 0 
7f3cb4842000-7f3cb4849000 r-xp 00000000 fd:00 1979000                    /usr/lib64/librt-2.26.so
7f3cb4849000-7f3cb4a48000 ---p 00007000 fd:00 1979000                    /usr/lib64/librt-2.26.so
7f3cb4a48000-7f3cb4a49000 r--p 00006000 fd:00 1979000                    /usr/lib64/librt-2.26.so
7f3cb4a49000-7f3cb4a4a000 rw-p 00007000 fd:00 1979000                    /usr/lib64/librt-2.26.so
7f3cb4a4a000-7f3cb4a60000 r-xp 00000000 fd:00 1978538                    /usr/lib64/libgcc_s-7-20170915.so.1
7f3cb4a60000-7f3cb4c5f000 ---p 00016000 fd:00 1978538                    /usr/lib64/libgcc_s-7-20170915.so.1
7f3cb4c5f000-7f3cb4c60000 r--p 00015000 fd:00 1978538                    /usr/lib64/libgcc_s-7-20170915.so.1
7f3cb4c60000-7f3cb4c61000 rw-p 00016000 fd:00 1978538                    /usr/lib64/libgcc_s-7-20170915.so.1
7f3cb4c61000-7f3cb4db5000 r-xp 00000000 fd:00 1978782                    /usr/lib64/libm-2.26.so
7f3cb4db5000-7f3cb4fb4000 ---p 00154000 fd:00 1978782                    /usr/lib64/libm-2.26.so
7f3cb4fb4000-7f3cb4fb5000 r--p 00153000 fd:00 1978782                    /usr/lib64/libm-2.26.so
7f3cb4fb5000-7f3cb4fb6000 rw-p 00154000 fd:00 1978782                    /usr/lib64/libm-2.26.so
7f3cb4fb6000-7f3cb512e000 r-xp 00000000 fd:00 1979075                    /usr/lib64/libstdc++.so.6.0.24
7f3cb512e000-7f3cb532d000 ---p 00178000 fd:00 1979075                    /usr/lib64/libstdc++.so.6.0.24
7f3cb532d000-7f3cb5337000 r--p 00177000 fd:00 1979075                    /usr/lib64/libstdc++.so.6.0.24
7f3cb5337000-7f3cb5339000 rw-p 00181000 fd:00 1979075                    /usr/lib64/libstdc++.so.6.0.24
7f3cb5339000-7f3cb533c000 rw-p 00000000 00:00 0 
7f3cb533c000-7f3cb609c000 r-xp 00000000 fd:00 2097739                    /usr/lib/jvm/java-1.8.0-openjdk-1.8.0.144-7.b01.fc27.x86_64/jre/lib/amd64/server/libjvm.so
7f3cb609c000-7f3cb629c000 ---p 00d60000 fd:00 2097739                    /usr/lib/jvm/java-1.8.0-openjdk-1.8.0.144-7.b01.fc27.x86_64/jre/lib/amd64/server/libjvm.so
7f3cb629c000-7f3cb6338000 r--p 00d60000 fd:00 2097739                    /usr/lib/jvm/java-1.8.0-openjdk-1.8.0.144-7.b01.fc27.x86_64/jre/lib/amd64/server/libjvm.so
7f3cb6338000-7f3cb6361000 rw-p 00dfc000 fd:00 2097739                    /usr/lib/jvm/java-1.8.0-openjdk-1.8.0.144-7.b01.fc27.x86_64/jre/lib/amd64/server/libjvm.so
7f3cb6361000-7f3cb6391000 rw-p 00000000 00:00 0 
7f3cb6391000-7f3cb656c000 r-xp 00000000 fd:00 1978358                    /usr/lib64/libc-2.26.so
7f3cb656c000-7f3cb676c000 ---p 001db000 fd:00 1978358                    /usr/lib64/libc-2.26.so
7f3cb676c000-7f3cb6770000 r--p 001db000 fd:00 1978358                    /usr/lib64/libc-2.26.so
7f3cb6770000-7f3cb6772000 rw-p 001df000 fd:00 1978358                    /usr/lib64/libc-2.26.so
7f3cb6772000-7f3cb6776000 rw-p 00000000 00:00 0 
7f3cb6776000-7f3cb6779000 r-xp 00000000 fd:00 1978448                    /usr/lib64/libdl-2.26.so
7f3cb6779000-7f3cb6978000 ---p 00003000 fd:00 1978448                    /usr/lib64/libdl-2.26.so
7f3cb6978000-7f3cb6979000 r--p 00002000 fd:00 1978448                    /usr/lib64/libdl-2.26.so
7f3cb6979000-7f3cb697a000 rw-p 00003000 fd:00 1978448                    /usr/lib64/libdl-2.26.so
7f3cb697a000-7f3cb6988000 r-xp 00000000 fd:00 2097736                    /usr/lib/jvm/java-1.8.0-openjdk-1.8.0.144-7.b01.fc27.x86_64/jre/lib/amd64/jli/libjli.so
7f3cb6988000-7f3cb6b87000 ---p 0000e000 fd:00 2097736                    /usr/lib/jvm/java-1.8.0-openjdk-1.8.0.144-7.b01.fc27.x86_64/jre/lib/amd64/jli/libjli.so
7f3cb6b87000-7f3cb6b88000 r--p 0000d000 fd:00 2097736                    /usr/lib/jvm/java-1.8.0-openjdk-1.8.0.144-7.b01.fc27.x86_64/jre/lib/amd64/jli/libjli.so
7f3cb6b88000-7f3cb6b89000 rw-p 00000000 00:00 0 
7f3cb6b89000-7f3cb6b9f000 r-xp 00000000 fd:00 1979264                    /usr/lib64/libz.so.1.2.11
7f3cb6b9f000-7f3cb6d9e000 ---p 00016000 fd:00 1979264                    /usr/lib64/libz.so.1.2.11
7f3cb6d9e000-7f3cb6d9f000 r--p 00015000 fd:00 1979264                    /usr/lib64/libz.so.1.2.11
7f3cb6d9f000-7f3cb6da0000 rw-p 00000000 00:00 0 
7f3cb6da0000-7f3cb6dba000 r-xp 00000000 fd:00 1978953                    /usr/lib64/libpthread-2.26.so
7f3cb6dba000-7f3cb6fb9000 ---p 0001a000 fd:00 1978953                    /usr/lib64/libpthread-2.26.so
7f3cb6fb9000-7f3cb6fba000 r--p 00019000 fd:00 1978953                    /usr/lib64/libpthread-2.26.so
7f3cb6fba000-7f3cb6fbb000 rw-p 0001a000 fd:00 1978953                    /usr/lib64/libpthread-2.26.so
7f3cb6fbb000-7f3cb6fbf000 rw-p 00000000 00:00 0 
7f3cb6fbf000-7f3cb6fe7000 r-xp 00000000 fd:00 1978184                    /usr/lib64/ld-2.26.so
7f3cb6fe7000-7f3cb6ff8000 r--s 0006b000 fd:02 1050281                    /home/rhusar/Skola/Bakalarka/perun/perun-base/target/perun-base-3.0.1-SNAPSHOT-default.jar
7f3cb6ff8000-7f3cb70c8000 rw-p 00000000 00:00 0 
7f3cb70c8000-7f3cb70cb000 ---p 00000000 00:00 0 
7f3cb70cb000-7f3cb71ce000 rw-p 00000000 00:00 0 
7f3cb71ce000-7f3cb71d1000 r--s 00028000 fd:02 1185899                    /home/rhusar/.m2/repository/org/apache/commons/commons-dbcp2/2.1.1/commons-dbcp2-2.1.1.jar
7f3cb71d1000-7f3cb71d2000 r--s 00003000 fd:02 1051242                    /home/rhusar/Skola/Bakalarka/perun/perun-auditparser/target/perun-auditparser-3.0.1-SNAPSHOT-default.jar
7f3cb71d2000-7f3cb71d7000 r--s 00020000 fd:02 1312282                    /home/rhusar/.m2/repository/org/apache/maven/surefire/surefire-api/2.18.1/surefire-api-2.18.1.jar
7f3cb71d7000-7f3cb71d9000 r--s 00008000 fd:02 1312280                    /home/rhusar/.m2/repository/org/apache/maven/surefire/surefire-booter/2.18.1/surefire-booter-2.18.1.jar
7f3cb71d9000-7f3cb71da000 r--s 00001000 fd:02 1836490                    /home/rhusar/Skola/Bakalarka/perun/perun-core/target/surefire/surefirebooter4838823438037948246.jar
7f3cb71da000-7f3cb71e2000 rw-s 00000000 00:2b 181529                     /tmp/hsperfdata_rhusar/11087
7f3cb71e2000-7f3cb71e3000 rw-p 00000000 00:00 0 
7f3cb71e3000-7f3cb71e4000 r--p 00000000 00:00 0 
7f3cb71e4000-7f3cb71e6000 rw-p 00000000 00:00 0 
7f3cb71e6000-7f3cb71e7000 r--p 00027000 fd:00 1978184                    /usr/lib64/ld-2.26.so
7f3cb71e7000-7f3cb71e8000 rw-p 00028000 fd:00 1978184                    /usr/lib64/ld-2.26.so
7f3cb71e8000-7f3cb71e9000 rw-p 00000000 00:00 0 
7ffe75d87000-7ffe75da8000 rw-p 00000000 00:00 0                          [stack]
7ffe75dea000-7ffe75ded000 r--p 00000000 00:00 0                          [vvar]
7ffe75ded000-7ffe75def000 r-xp 00000000 00:00 0                          [vdso]
ffffffffff600000-ffffffffff601000 r-xp 00000000 00:00 0                  [vsyscall]

VM Arguments:
jvm_args: -Dlog4j.configuration= 
java_command: /home/rhusar/Skola/Bakalarka/perun/perun-core/target/surefire/surefirebooter4838823438037948246.jar /home/rhusar/Skola/Bakalarka/perun/perun-core/target/surefire/surefire8458167049736153563tmp /home/rhusar/Skola/Bakalarka/perun/perun-core/target/surefire/surefire_13392272728573656555tmp
java_class_path (initial): /home/rhusar/Skola/Bakalarka/perun/perun-core/target/surefire/surefirebooter4838823438037948246.jar
Launcher Type: SUN_STANDARD

Environment Variables:
PATH=/usr/local/bin:/usr/local/sbin:/usr/bin:/usr/sbin:/home/rhusar/.local/bin:/home/rhusar/bin
USERNAME=rhusar
SHELL=/bin/bash
DISPLAY=:0

Signal Handlers:
SIGSEGV: [libjvm.so+0xb67030], sa_mask[0]=11111111011111111101111111111110, sa_flags=SA_RESTART|SA_SIGINFO
SIGBUS: [libjvm.so+0xb67030], sa_mask[0]=11111111011111111101111111111110, sa_flags=SA_RESTART|SA_SIGINFO
SIGFPE: [libjvm.so+0x917bc0], sa_mask[0]=11111111011111111101111111111110, sa_flags=SA_RESTART|SA_SIGINFO
SIGPIPE: [libjvm.so+0x917bc0], sa_mask[0]=11111111011111111101111111111110, sa_flags=SA_RESTART|SA_SIGINFO
SIGXFSZ: [libjvm.so+0x917bc0], sa_mask[0]=11111111011111111101111111111110, sa_flags=SA_RESTART|SA_SIGINFO
SIGILL: [libjvm.so+0x917bc0], sa_mask[0]=11111111011111111101111111111110, sa_flags=SA_RESTART|SA_SIGINFO
SIGUSR1: SIG_DFL, sa_mask[0]=00000000000000000000000000000000, sa_flags=none
SIGUSR2: [libjvm.so+0x917a70], sa_mask[0]=00100000000000000000000000000000, sa_flags=SA_RESTART|SA_SIGINFO
SIGHUP: [libjvm.so+0x917f20], sa_mask[0]=11111111011111111101111111111110, sa_flags=SA_RESTART|SA_SIGINFO
SIGINT: [libjvm.so+0x917f20], sa_mask[0]=11111111011111111101111111111110, sa_flags=SA_RESTART|SA_SIGINFO
SIGTERM: [libjvm.so+0x917f20], sa_mask[0]=11111111011111111101111111111110, sa_flags=SA_RESTART|SA_SIGINFO
SIGQUIT: [libjvm.so+0x917f20], sa_mask[0]=11111111011111111101111111111110, sa_flags=SA_RESTART|SA_SIGINFO


---------------  S Y S T E M  ---------------

OS:Fedora release 27 (Twenty Seven)

uname:Linux 4.13.9-300.fc27.x86_64 #1 SMP Mon Oct 23 13:41:58 UTC 2017 x86_64
libc:glibc 2.26 NPTL 2.26 
rlimit: STACK 8192k, CORE infinity, NPROC 31114, NOFILE 4096, AS infinity
load average:8.45 3.86 3.23

/proc/meminfo:
MemTotal:        8061960 kB
MemFree:          139304 kB
MemAvailable:     629940 kB
Buffers:           26968 kB
Cached:          1007940 kB
SwapCached:            8 kB
Active:          6340752 kB
Inactive:        1181008 kB
Active(anon):    6000004 kB
Inactive(anon):   857692 kB
Active(file):     340748 kB
Inactive(file):   323316 kB
Unevictable:         112 kB
Mlocked:             112 kB
SwapTotal:       8196092 kB
SwapFree:        8193008 kB
Dirty:              3272 kB
Writeback:             0 kB
AnonPages:       6487132 kB
Mapped:           590740 kB
Shmem:            465624 kB
Slab:             175884 kB
SReclaimable:      97908 kB
SUnreclaim:        77976 kB
KernelStack:       18800 kB
PageTables:        96580 kB
NFS_Unstable:          0 kB
Bounce:                0 kB
WritebackTmp:          0 kB
CommitLimit:    12227072 kB
Committed_AS:   14941416 kB
VmallocTotal:   34359738367 kB
VmallocUsed:           0 kB
VmallocChunk:          0 kB
HardwareCorrupted:     0 kB
AnonHugePages:         0 kB
ShmemHugePages:        0 kB
ShmemPmdMapped:        0 kB
CmaTotal:              0 kB
CmaFree:               0 kB
HugePages_Total:       0
HugePages_Free:        0
HugePages_Rsvd:        0
HugePages_Surp:        0
Hugepagesize:       2048 kB
DirectMap4k:      211712 kB
DirectMap2M:     7018496 kB
DirectMap1G:     2097152 kB


CPU:total 4 (initial active 4) (2 cores per cpu, 2 threads per core) family 6 model 69 stepping 1, cmov, cx8, fxsr, mmx, sse, sse2, sse3, ssse3, sse4.1, sse4.2, popcnt, avx, avx2, aes, clmul, erms, lzcnt, ht, tsc, tscinvbit, bmi1, bmi2

/proc/cpuinfo:
processor	: 0
vendor_id	: GenuineIntel
cpu family	: 6
model		: 69
model name	: Intel(R) Core(TM) i3-4030U CPU @ 1.90GHz
stepping	: 1
microcode	: 0x20
cpu MHz		: 1895.531
cache size	: 3072 KB
physical id	: 0
siblings	: 4
core id		: 0
cpu cores	: 2
apicid		: 0
initial apicid	: 0
fpu		: yes
fpu_exception	: yes
cpuid level	: 13
wp		: yes
flags		: fpu vme de pse tsc msr pae mce cx8 apic sep mtrr pge mca cmov pat pse36 clflush dts acpi mmx fxsr sse sse2 ss ht tm pbe syscall nx pdpe1gb rdtscp lm constant_tsc arch_perfmon pebs bts rep_good nopl xtopology nonstop_tsc cpuid aperfmperf pni pclmulqdq dtes64 monitor ds_cpl vmx est tm2 ssse3 sdbg fma cx16 xtpr pdcm pcid sse4_1 sse4_2 x2apic movbe popcnt tsc_deadline_timer aes xsave avx f16c rdrand lahf_lm abm cpuid_fault epb tpr_shadow vnmi flexpriority ept vpid fsgsbase tsc_adjust bmi1 avx2 smep bmi2 erms invpcid xsaveopt dtherm arat pln pts
bugs		:
bogomips	: 3791.06
clflush size	: 64
cache_alignment	: 64
address sizes	: 39 bits physical, 48 bits virtual
power management:

processor	: 1
vendor_id	: GenuineIntel
cpu family	: 6
model		: 69
model name	: Intel(R) Core(TM) i3-4030U CPU @ 1.90GHz
stepping	: 1
microcode	: 0x20
cpu MHz		: 1895.531
cache size	: 3072 KB
physical id	: 0
siblings	: 4
core id		: 0
cpu cores	: 2
apicid		: 1
initial apicid	: 1
fpu		: yes
fpu_exception	: yes
cpuid level	: 13
wp		: yes
flags		: fpu vme de pse tsc msr pae mce cx8 apic sep mtrr pge mca cmov pat pse36 clflush dts acpi mmx fxsr sse sse2 ss ht tm pbe syscall nx pdpe1gb rdtscp lm constant_tsc arch_perfmon pebs bts rep_good nopl xtopology nonstop_tsc cpuid aperfmperf pni pclmulqdq dtes64 monitor ds_cpl vmx est tm2 ssse3 sdbg fma cx16 xtpr pdcm pcid sse4_1 sse4_2 x2apic movbe popcnt tsc_deadline_timer aes xsave avx f16c rdrand lahf_lm abm cpuid_fault epb tpr_shadow vnmi flexpriority ept vpid fsgsbase tsc_adjust bmi1 avx2 smep bmi2 erms invpcid xsaveopt dtherm arat pln pts
bugs		:
bogomips	: 3797.98
clflush size	: 64
cache_alignment	: 64
address sizes	: 39 bits physical, 48 bits virtual
power management:

processor	: 2
vendor_id	: GenuineIntel
cpu family	: 6
model		: 69
model name	: Intel(R) Core(TM) i3-4030U CPU @ 1.90GHz
stepping	: 1
microcode	: 0x20
cpu MHz		: 1895.531
cache size	: 3072 KB
physical id	: 0
siblings	: 4
core id		: 1
cpu cores	: 2
apicid		: 2
initial apicid	: 2
fpu		: yes
fpu_exception	: yes
cpuid level	: 13
wp		: yes
flags		: fpu vme de pse tsc msr pae mce cx8 apic sep mtrr pge mca cmov pat pse36 clflush dts acpi mmx fxsr sse sse2 ss ht tm pbe syscall nx pdpe1gb rdtscp lm constant_tsc arch_perfmon pebs bts rep_good nopl xtopology nonstop_tsc cpuid aperfmperf pni pclmulqdq dtes64 monitor ds_cpl vmx est tm2 ssse3 sdbg fma cx16 xtpr pdcm pcid sse4_1 sse4_2 x2apic movbe popcnt tsc_deadline_timer aes xsave avx f16c rdrand lahf_lm abm cpuid_fault epb tpr_shadow vnmi flexpriority ept vpid fsgsbase tsc_adjust bmi1 avx2 smep bmi2 erms invpcid xsaveopt dtherm arat pln pts
bugs		:
bogomips	: 3795.85
clflush size	: 64
cache_alignment	: 64
address sizes	: 39 bits physical, 48 bits virtual
power management:

processor	: 3
vendor_id	: GenuineIntel
cpu family	: 6
model		: 69
model name	: Intel(R) Core(TM) i3-4030U CPU @ 1.90GHz
stepping	: 1
microcode	: 0x20
cpu MHz		: 1895.531
cache size	: 3072 KB
physical id	: 0
siblings	: 4
core id		: 1
cpu cores	: 2
apicid		: 3
initial apicid	: 3
fpu		: yes
fpu_exception	: yes
cpuid level	: 13
wp		: yes
flags		: fpu vme de pse tsc msr pae mce cx8 apic sep mtrr pge mca cmov pat pse36 clflush dts acpi mmx fxsr sse sse2 ss ht tm pbe syscall nx pdpe1gb rdtscp lm constant_tsc arch_perfmon pebs bts rep_good nopl xtopology nonstop_tsc cpuid aperfmperf pni pclmulqdq dtes64 monitor ds_cpl vmx est tm2 ssse3 sdbg fma cx16 xtpr pdcm pcid sse4_1 sse4_2 x2apic movbe popcnt tsc_deadline_timer aes xsave avx f16c rdrand lahf_lm abm cpuid_fault epb tpr_shadow vnmi flexpriority ept vpid fsgsbase tsc_adjust bmi1 avx2 smep bmi2 erms invpcid xsaveopt dtherm arat pln pts
bugs		:
bogomips	: 3795.87
clflush size	: 64
cache_alignment	: 64
address sizes	: 39 bits physical, 48 bits virtual
power management:



Memory: 4k page, physical 8061960k(139304k free), swap 8196092k(8193008k free)

vm_info: OpenJDK 64-Bit Server VM (25.144-b01) for linux-amd64 JRE (1.8.0_144-b01), built on Oct  4 2017 17:11:28 by "mockbuild" with gcc 7.2.1 20170915 (Red Hat 7.2.1-2)

time: Fri Mar  9 14:21:35 2018
elapsed time: 93 seconds (0d 0h 1m 33s)

