#
# There is insufficient memory for the Java Runtime Environment to continue.
# Native memory allocation (mmap) failed to map 128974848 bytes for committing reserved memory.
# Possible reasons:
#   The system is out of physical RAM or swap space
#   In 32 bit mode, the process size limit was hit
# Possible solutions:
#   Reduce memory load on the system
#   Increase physical memory or swap space
#   Check if swap backing store is full
#   Use 64 bit Java on a 64 bit OS
#   Decrease Java heap size (-Xmx/-Xms)
#   Decrease number of Java threads
#   Decrease Java thread stack sizes (-Xss)
#   Set larger code cache with -XX:ReservedCodeCacheSize=
# This output file may be truncated or incomplete.
#
#  Out of Memory Error (os_linux.cpp:2643), pid=24619, tid=0x00007fc3f8cf4700
#
# JRE version: OpenJDK Runtime Environment (8.0_171-b11) (build 1.8.0_171-8u171-b11-0ubuntu0.17.10.1-b11)
# Java VM: OpenJDK 64-Bit Server VM (25.171-b11 mixed mode linux-amd64 compressed oops)
# Failed to write core dump. Core dumps have been disabled. To enable core dumping, try "ulimit -c unlimited" before starting Java again
#

---------------  T H R E A D  ---------------

Current thread (0x00007fc41807b800):  VMThread [stack: 0x00007fc3f8bf4000,0x00007fc3f8cf5000] [id=24627]

Stack: [0x00007fc3f8bf4000,0x00007fc3f8cf5000],  sp=0x00007fc3f8cf3450,  free space=1021k
Native frames: (J=compiled Java code, j=interpreted, Vv=VM code, C=native code)
V  [libjvm.so+0xaab4b2]
V  [libjvm.so+0x4d7a57]
V  [libjvm.so+0x8e6740]
V  [libjvm.so+0x8e0c9e]
V  [libjvm.so+0x9614b6]
V  [libjvm.so+0x95012a]
V  [libjvm.so+0x9502f8]
V  [libjvm.so+0x950f00]
V  [libjvm.so+0x95729c]
V  [libjvm.so+0x95f385]
V  [libjvm.so+0x90d9f8]
V  [libjvm.so+0xaad172]
V  [libjvm.so+0xab1d56]
V  [libjvm.so+0xaafff5]
V  [libjvm.so+0xab096d]
V  [libjvm.so+0xab0d47]
V  [libjvm.so+0x8e3b92]

VM_Operation (0x00007fc41fbd78d0): ParallelGCFailedAllocation, mode: safepoint, requested by thread 0x00007fc41800e000


---------------  P R O C E S S  ---------------

Java Threads: ( => current thread )
  0x00007fc418558800 JavaThread "CompilationUnitBuilder" [_thread_blocked, id=24651, stack(0x00007fc3c68ff000,0x00007fc3c6a00000)]
  0x00007fc4184e3000 JavaThread "Thread-13" daemon [_thread_in_native, id=24649, stack(0x00007fc3c71e3000,0x00007fc3c72e4000)]
  0x00007fc4184da000 JavaThread "Thread-12" daemon [_thread_in_native, id=24648, stack(0x00007fc3c72e4000,0x00007fc3c73e5000)]
  0x00007fc4184d1800 JavaThread "Thread-11" daemon [_thread_in_native, id=24647, stack(0x00007fc3c73e5000,0x00007fc3c74e6000)]
  0x00007fc4184d0000 JavaThread "Thread-10" daemon [_thread_in_native, id=24646, stack(0x00007fc3c74e6000,0x00007fc3c75e7000)]
  0x00007fc4184cb800 JavaThread "Thread-9" daemon [_thread_in_native, id=24645, stack(0x00007fc3c75e7000,0x00007fc3c76e8000)]
  0x00007fc4184c4800 JavaThread "Thread-8" daemon [_thread_in_native, id=24643, stack(0x00007fc3c76e8000,0x00007fc3c77e9000)]
  0x00007fc4184d3800 JavaThread "Thread-7" daemon [_thread_in_native, id=24642, stack(0x00007fc3c77e9000,0x00007fc3c78ea000)]
  0x00007fc4184c3000 JavaThread "Thread-6" daemon [_thread_in_native, id=24641, stack(0x00007fc3c78ea000,0x00007fc3c79eb000)]
  0x00007fc4184b3800 JavaThread "Thread-5" daemon [_thread_in_native, id=24640, stack(0x00007fc3c7beb000,0x00007fc3c7cec000)]
  0x00007fc4184ac000 JavaThread "Thread-4" [_thread_blocked, id=24639, stack(0x00007fc3c7cec000,0x00007fc3c7ded000)]
  0x00007fc4184a6800 JavaThread "pool-1-thread-1" [_thread_blocked, id=24638, stack(0x00007fc3cfdcd000,0x00007fc3cfece000)]
  0x00007fc3c8261000 JavaThread "Timer-0" daemon [_thread_blocked, id=24637, stack(0x00007fc3cfb4c000,0x00007fc3cfc4d000)]
  0x00007fc4180ce800 JavaThread "Service Thread" daemon [_thread_blocked, id=24634, stack(0x00007fc3f81f5000,0x00007fc3f82f6000)]
  0x00007fc4180c1000 JavaThread "C1 CompilerThread2" daemon [_thread_blocked, id=24633, stack(0x00007fc3f82f6000,0x00007fc3f83f7000)]
  0x00007fc4180bf800 JavaThread "C2 CompilerThread1" daemon [_thread_blocked, id=24632, stack(0x00007fc3f83f7000,0x00007fc3f84f8000)]
  0x00007fc4180bc800 JavaThread "C2 CompilerThread0" daemon [_thread_blocked, id=24631, stack(0x00007fc3f84f8000,0x00007fc3f85f9000)]
  0x00007fc4180bb000 JavaThread "Signal Dispatcher" daemon [_thread_blocked, id=24630, stack(0x00007fc3f85f9000,0x00007fc3f86fa000)]
  0x00007fc418087800 JavaThread "Finalizer" daemon [_thread_blocked, id=24629, stack(0x00007fc3f89f2000,0x00007fc3f8af3000)]
  0x00007fc418083000 JavaThread "Reference Handler" daemon [_thread_blocked, id=24628, stack(0x00007fc3f8af3000,0x00007fc3f8bf4000)]
  0x00007fc41800e000 JavaThread "main" [_thread_blocked, id=24622, stack(0x00007fc41fada000,0x00007fc41fbdb000)]

Other Threads:
=>0x00007fc41807b800 VMThread [stack: 0x00007fc3f8bf4000,0x00007fc3f8cf5000] [id=24627]
  0x00007fc4180d1000 WatcherThread [stack: 0x00007fc3f80f4000,0x00007fc3f81f5000] [id=24635]

VM state:at safepoint (normal execution)

VM Mutex/Monitor currently owned by a thread:  ([mutex/lock_event])
[0x00007fc418009de0] ExpandHeap_lock - owner thread: 0x00007fc41807b800
[0x00007fc41800a460] Threads_lock - owner thread: 0x00007fc41807b800
[0x00007fc41800a960] Heap_lock - owner thread: 0x00007fc41800e000

Heap:
 PSYoungGen      total 232960K, used 0K [0x00000000eab00000, 0x0000000100000000, 0x0000000100000000)
  eden space 116736K, 0% used [0x00000000eab00000,0x00000000eab00000,0x00000000f1d00000)
  from space 116224K, 0% used [0x00000000f1d00000,0x00000000f1d00000,0x00000000f8e80000)
  to   space 116224K, 0% used [0x00000000f8e80000,0x00000000f8e80000,0x0000000100000000)
 ParOldGen       total 400384K, used 329403K [0x00000000c0000000, 0x00000000d8700000, 0x00000000eab00000)
  object space 400384K, 82% used [0x00000000c0000000,0x00000000d41aef08,0x00000000d8700000)
 Metaspace       used 23684K, capacity 24270K, committed 24576K, reserved 1071104K
  class space    used 2278K, capacity 2449K, committed 2560K, reserved 1048576K

Card table byte_map: [0x00007fc408dff000,0x00007fc409000000] byte_map_base: 0x00007fc4087ff000

Marking Bits: (ParMarkBitMap*) 0x00007fc41ed81140
 Begin Bits: [0x00007fc3fa000000, 0x00007fc3fb000000)
 End Bits:   [0x00007fc3fb000000, 0x00007fc3fc000000)

Polling page: 0x00007fc41fbf1000

CodeCache: size=245760Kb used=22957Kb max_used=22957Kb free=222802Kb
 bounds [0x00007fc409000000, 0x00007fc40a6c0000, 0x00007fc418000000]
 total_blobs=6318 nmethods=5926 adapters=302
 compilation: enabled

Compilation events (10 events):
Event: 17,074 Thread 0x00007fc4180c1000 7117       1       org.eclipse.jdt.internal.compiler.lookup.ParameterizedMethodBinding::shallowOriginal (5 bytes)
Event: 17,074 Thread 0x00007fc4180c1000 nmethod 7117 0x00007fc409c45450 code [0x00007fc409c455a0, 0x00007fc409c456b0]
Event: 17,083 Thread 0x00007fc4180c1000 7119       2       org.eclipse.jdt.internal.compiler.codegen.CodeStream::aaload (60 bytes)
Event: 17,083 Thread 0x00007fc4180c1000 nmethod 7119 0x00007fc4094e4dd0 code [0x00007fc4094e4f40, 0x00007fc4094e5128]
Event: 17,085 Thread 0x00007fc4180c1000 7120       2       com.google.gwt.thirdparty.guava.common.collect.ImmutableSet::<init> (5 bytes)
Event: 17,085 Thread 0x00007fc4180c1000 nmethod 7120 0x00007fc4094e4a90 code [0x00007fc4094e4be0, 0x00007fc4094e4d30]
Event: 17,096 Thread 0x00007fc4180c1000 7121       3       com.google.gwt.dev.jjs.impl.JjsUtils::computeSignature (101 bytes)
Event: 17,098 Thread 0x00007fc4180c1000 nmethod 7121 0x00007fc40931a4d0 code [0x00007fc40931a800, 0x00007fc40931c1b8]
Event: 17,113 Thread 0x00007fc4180c1000 7122       2       org.eclipse.jdt.internal.compiler.codegen.CodeStream::if_acmpne (81 bytes)
Event: 17,113 Thread 0x00007fc4180c1000 nmethod 7122 0x00007fc409d2d7d0 code [0x00007fc409d2d960, 0x00007fc409d2dba8]

GC Heap History (10 events):
Event: 14,719 GC heap after
Heap after GC invocations=18 (full 3):
 PSYoungGen      total 223232K, used 83123K [0x00000000eab00000, 0x0000000100000000, 0x0000000100000000)
  eden space 139776K, 0% used [0x00000000eab00000,0x00000000eab00000,0x00000000f3380000)
  from space 83456K, 99% used [0x00000000f3380000,0x00000000f84acc38,0x00000000f8500000)
  to   space 111104K, 0% used [0x00000000f9380000,0x00000000f9380000,0x0000000100000000)
 ParOldGen       total 400384K, used 242410K [0x00000000c0000000, 0x00000000d8700000, 0x00000000eab00000)
  object space 400384K, 60% used [0x00000000c0000000,0x00000000cecba810,0x00000000d8700000)
 Metaspace       used 23408K, capacity 24060K, committed 24320K, reserved 1071104K
  class space    used 2275K, capacity 2446K, committed 2560K, reserved 1048576K
}
Event: 15,330 GC heap before
{Heap before GC invocations=19 (full 3):
 PSYoungGen      total 223232K, used 222899K [0x00000000eab00000, 0x0000000100000000, 0x0000000100000000)
  eden space 139776K, 100% used [0x00000000eab00000,0x00000000f3380000,0x00000000f3380000)
  from space 83456K, 99% used [0x00000000f3380000,0x00000000f84acc38,0x00000000f8500000)
  to   space 111104K, 0% used [0x00000000f9380000,0x00000000f9380000,0x0000000100000000)
 ParOldGen       total 400384K, used 242410K [0x00000000c0000000, 0x00000000d8700000, 0x00000000eab00000)
  object space 400384K, 60% used [0x00000000c0000000,0x00000000cecba810,0x00000000d8700000)
 Metaspace       used 23462K, capacity 24066K, committed 24320K, reserved 1071104K
  class space    used 2276K, capacity 2447K, committed 2560K, reserved 1048576K
Event: 15,465 GC heap after
Heap after GC invocations=19 (full 3):
 PSYoungGen      total 227840K, used 110937K [0x00000000eab00000, 0x0000000100000000, 0x0000000100000000)
  eden space 116736K, 0% used [0x00000000eab00000,0x00000000eab00000,0x00000000f1d00000)
  from space 111104K, 99% used [0x00000000f9380000,0x00000000fffd64c0,0x0000000100000000)
  to   space 116224K, 0% used [0x00000000f1d00000,0x00000000f1d00000,0x00000000f8e80000)
 ParOldGen       total 400384K, used 242410K [0x00000000c0000000, 0x00000000d8700000, 0x00000000eab00000)
  object space 400384K, 60% used [0x00000000c0000000,0x00000000cecba810,0x00000000d8700000)
 Metaspace       used 23462K, capacity 24066K, committed 24320K, reserved 1071104K
  class space    used 2276K, capacity 2447K, committed 2560K, reserved 1048576K
}
Event: 15,946 GC heap before
{Heap before GC invocations=20 (full 3):
 PSYoungGen      total 227840K, used 227673K [0x00000000eab00000, 0x0000000100000000, 0x0000000100000000)
  eden space 116736K, 100% used [0x00000000eab00000,0x00000000f1d00000,0x00000000f1d00000)
  from space 111104K, 99% used [0x00000000f9380000,0x00000000fffd64c0,0x0000000100000000)
  to   space 116224K, 0% used [0x00000000f1d00000,0x00000000f1d00000,0x00000000f8e80000)
 ParOldGen       total 400384K, used 242410K [0x00000000c0000000, 0x00000000d8700000, 0x00000000eab00000)
  object space 400384K, 60% used [0x00000000c0000000,0x00000000cecba810,0x00000000d8700000)
 Metaspace       used 23528K, capacity 24130K, committed 24320K, reserved 1071104K
  class space    used 2276K, capacity 2447K, committed 2560K, reserved 1048576K
Event: 16,069 GC heap after
Heap after GC invocations=20 (full 3):
 PSYoungGen      total 232960K, used 116215K [0x00000000eab00000, 0x0000000100000000, 0x0000000100000000)
  eden space 116736K, 0% used [0x00000000eab00000,0x00000000eab00000,0x00000000f1d00000)
  from space 116224K, 99% used [0x00000000f1d00000,0x00000000f8e7dea8,0x00000000f8e80000)
  to   space 116224K, 0% used [0x00000000f8e80000,0x00000000f8e80000,0x0000000100000000)
 ParOldGen       total 400384K, used 262051K [0x00000000c0000000, 0x00000000d8700000, 0x00000000eab00000)
  object space 400384K, 65% used [0x00000000c0000000,0x00000000cffe8e78,0x00000000d8700000)
 Metaspace       used 23528K, capacity 24130K, committed 24320K, reserved 1071104K
  class space    used 2276K, capacity 2447K, committed 2560K, reserved 1048576K
}
Event: 16,531 GC heap before
{Heap before GC invocations=21 (full 3):
 PSYoungGen      total 232960K, used 232951K [0x00000000eab00000, 0x0000000100000000, 0x0000000100000000)
  eden space 116736K, 100% used [0x00000000eab00000,0x00000000f1d00000,0x00000000f1d00000)
  from space 116224K, 99% used [0x00000000f1d00000,0x00000000f8e7dea8,0x00000000f8e80000)
  to   space 116224K, 0% used [0x00000000f8e80000,0x00000000f8e80000,0x0000000100000000)
 ParOldGen       total 400384K, used 262051K [0x00000000c0000000, 0x00000000d8700000, 0x00000000eab00000)
  object space 400384K, 65% used [0x00000000c0000000,0x00000000cffe8e78,0x00000000d8700000)
 Metaspace       used 23565K, capacity 24194K, committed 24320K, reserved 1071104K
  class space    used 2276K, capacity 2447K, committed 2560K, reserved 1048576K
Event: 16,708 GC heap after
Heap after GC invocations=21 (full 3):
 PSYoungGen      total 232960K, used 87550K [0x00000000eab00000, 0x0000000100000000, 0x0000000100000000)
  eden space 116736K, 0% used [0x00000000eab00000,0x00000000eab00000,0x00000000f1d00000)
  from space 116224K, 75% used [0x00000000f8e80000,0x00000000fe3ffa68,0x0000000100000000)
  to   space 116224K, 0% used [0x00000000f1d00000,0x00000000f1d00000,0x00000000f8e80000)
 ParOldGen       total 400384K, used 317995K [0x00000000c0000000, 0x00000000d8700000, 0x00000000eab00000)
  object space 400384K, 79% used [0x00000000c0000000,0x00000000d368ad48,0x00000000d8700000)
 Metaspace       used 23565K, capacity 24194K, committed 24320K, reserved 1071104K
  class space    used 2276K, capacity 2447K, committed 2560K, reserved 1048576K
}
Event: 17,161 GC heap before
{Heap before GC invocations=22 (full 3):
 PSYoungGen      total 232960K, used 204286K [0x00000000eab00000, 0x0000000100000000, 0x0000000100000000)
  eden space 116736K, 100% used [0x00000000eab00000,0x00000000f1d00000,0x00000000f1d00000)
  from space 116224K, 75% used [0x00000000f8e80000,0x00000000fe3ffa68,0x0000000100000000)
  to   space 116224K, 0% used [0x00000000f1d00000,0x00000000f1d00000,0x00000000f8e80000)
 ParOldGen       total 400384K, used 317995K [0x00000000c0000000, 0x00000000d8700000, 0x00000000eab00000)
  object space 400384K, 79% used [0x00000000c0000000,0x00000000d368ad48,0x00000000d8700000)
 Metaspace       used 23684K, capacity 24270K, committed 24576K, reserved 1071104K
  class space    used 2278K, capacity 2449K, committed 2560K, reserved 1048576K
Event: 17,306 GC heap after
Heap after GC invocations=22 (full 3):
 PSYoungGen      total 232960K, used 68157K [0x00000000eab00000, 0x0000000100000000, 0x0000000100000000)
  eden space 116736K, 0% used [0x00000000eab00000,0x00000000eab00000,0x00000000f1d00000)
  from space 116224K, 58% used [0x00000000f1d00000,0x00000000f5f8f630,0x00000000f8e80000)
  to   space 116224K, 0% used [0x00000000f8e80000,0x00000000f8e80000,0x0000000100000000)
 ParOldGen       total 400384K, used 365134K [0x00000000c0000000, 0x00000000d8700000, 0x00000000eab00000)
  object space 400384K, 91% used [0x00000000c0000000,0x00000000d6493888,0x00000000d8700000)
 Metaspace       used 23684K, capacity 24270K, committed 24576K, reserved 1071104K
  class space    used 2278K, capacity 2449K, committed 2560K, reserved 1048576K
}
Event: 17,306 GC heap before
{Heap before GC invocations=23 (full 4):
 PSYoungGen      total 232960K, used 68157K [0x00000000eab00000, 0x0000000100000000, 0x0000000100000000)
  eden space 116736K, 0% used [0x00000000eab00000,0x00000000eab00000,0x00000000f1d00000)
  from space 116224K, 58% used [0x00000000f1d00000,0x00000000f5f8f630,0x00000000f8e80000)
  to   space 116224K, 0% used [0x00000000f8e80000,0x00000000f8e80000,0x0000000100000000)
 ParOldGen       total 400384K, used 365134K [0x00000000c0000000, 0x00000000d8700000, 0x00000000eab00000)
  object space 400384K, 91% used [0x00000000c0000000,0x00000000d6493888,0x00000000d8700000)
 Metaspace       used 23684K, capacity 24270K, committed 24576K, reserved 1071104K
  class space    used 2278K, capacity 2449K, committed 2560K, reserved 1048576K

Deoptimization events (10 events):
Event: 16,191 Thread 0x00007fc41800e000 Uncommon trap: reason=array_check action=maybe_recompile pc=0x00007fc4092e73c8 method=java.util.TimSort.binarySort([Ljava/lang/Object;IIILjava/util/Comparator;)V @ 183
Event: 16,191 Thread 0x00007fc41800e000 Uncommon trap: reason=array_check action=maybe_recompile pc=0x00007fc4092e71e0 method=java.util.TimSort.binarySort([Ljava/lang/Object;IIILjava/util/Comparator;)V @ 215
Event: 16,736 Thread 0x00007fc41800e000 Uncommon trap: reason=bimorphic action=maybe_recompile pc=0x00007fc40a3fd8bc method=org.eclipse.jdt.internal.compiler.lookup.Scope.findField(Lorg/eclipse/jdt/internal/compiler/lookup/TypeBinding;[CLorg/eclipse/jdt/internal/compiler/lookup/InvocationSite;Z
Event: 16,736 Thread 0x00007fc41800e000 Uncommon trap: reason=bimorphic action=maybe_recompile pc=0x00007fc40a3fd8bc method=org.eclipse.jdt.internal.compiler.lookup.Scope.findField(Lorg/eclipse/jdt/internal/compiler/lookup/TypeBinding;[CLorg/eclipse/jdt/internal/compiler/lookup/InvocationSite;Z
Event: 16,787 Thread 0x00007fc41800e000 Uncommon trap: reason=unstable_if action=reinterpret pc=0x00007fc40a589f40 method=org.eclipse.jdt.internal.compiler.lookup.Scope.findMethod0(Lorg/eclipse/jdt/internal/compiler/lookup/ReferenceBinding;[C[Lorg/eclipse/jdt/internal/compiler/lookup/TypeBindin
Event: 16,803 Thread 0x00007fc41800e000 Uncommon trap: reason=unstable_if action=reinterpret pc=0x00007fc40a650764 method=org.eclipse.jdt.internal.compiler.ast.ASTNode.checkInvocationArguments(Lorg/eclipse/jdt/internal/compiler/lookup/BlockScope;Lorg/eclipse/jdt/internal/compiler/ast/Expression
Event: 16,803 Thread 0x00007fc41800e000 Uncommon trap: reason=bimorphic action=maybe_recompile pc=0x00007fc40a657dd0 method=org.eclipse.jdt.internal.compiler.lookup.MethodBinding.canBeSeenBy(Lorg/eclipse/jdt/internal/compiler/lookup/TypeBinding;Lorg/eclipse/jdt/internal/compiler/lookup/Invocati
Event: 16,878 Thread 0x00007fc41800e000 Uncommon trap: reason=bimorphic action=maybe_recompile pc=0x00007fc40a6399e0 method=org.eclipse.jdt.internal.compiler.lookup.ParameterizedTypeBinding.superclass()Lorg/eclipse/jdt/internal/compiler/lookup/ReferenceBinding; @ 11
Event: 16,970 Thread 0x00007fc41800e000 Uncommon trap: reason=class_check action=maybe_recompile pc=0x00007fc40a413b14 method=org.eclipse.jdt.internal.compiler.lookup.Scope.getBinding([CILorg/eclipse/jdt/internal/compiler/lookup/InvocationSite;Z)Lorg/eclipse/jdt/internal/compiler/lookup/Binding
Event: 16,971 Thread 0x00007fc41800e000 Uncommon trap: reason=bimorphic action=maybe_recompile pc=0x00007fc40a657dd0 method=org.eclipse.jdt.internal.compiler.lookup.MethodBinding.canBeSeenBy(Lorg/eclipse/jdt/internal/compiler/lookup/TypeBinding;Lorg/eclipse/jdt/internal/compiler/lookup/Invocati

Classes redefined (0 events):
No events

Internal exceptions (10 events):
Event: 12,760 Thread 0x00007fc418558800 Exception <a 'java/lang/NoSuchMethodError': <clinit>> (0x00000000ed7b4fe0) thrown at [/build/openjdk-8-QGp3nu/openjdk-8-8u171-b11/src/hotspot/src/share/vm/prims/jni.cpp, line 1613]
Event: 13,501 Thread 0x00007fc41800e000 Implicit null exception at 0x00007fc409253cc3 to 0x00007fc409253e2d
Event: 13,651 Thread 0x00007fc418558800 Exception <a 'java/lang/NoSuchMethodError': <clinit>> (0x00000000ef548d38) thrown at [/build/openjdk-8-QGp3nu/openjdk-8-8u171-b11/src/hotspot/src/share/vm/prims/jni.cpp, line 1613]
Event: 14,427 Thread 0x00007fc41800e000 Implicit null exception at 0x00007fc409c23c11 to 0x00007fc409c24191
Event: 14,768 Thread 0x00007fc41800e000 Implicit null exception at 0x00007fc40a0ba896 to 0x00007fc40a0bc4b7
Event: 14,768 Thread 0x00007fc41800e000 Exception <a 'java/lang/NullPointerException'> (0x00000000eb4eb168) thrown at [/build/openjdk-8-QGp3nu/openjdk-8-8u171-b11/src/hotspot/src/share/vm/runtime/sharedRuntime.cpp, line 605]
Event: 14,768 Thread 0x00007fc41800e000 Implicit null exception at 0x00007fc40a0ba896 to 0x00007fc40a0bc4b7
Event: 14,769 Thread 0x00007fc41800e000 Exception <a 'java/lang/NullPointerException'> (0x00000000eb511f58) thrown at [/build/openjdk-8-QGp3nu/openjdk-8-8u171-b11/src/hotspot/src/share/vm/runtime/sharedRuntime.cpp, line 605]
Event: 16,800 Thread 0x00007fc418558800 Exception <a 'java/lang/NoSuchMethodError': <clinit>> (0x00000000ec1cf800) thrown at [/build/openjdk-8-QGp3nu/openjdk-8-8u171-b11/src/hotspot/src/share/vm/prims/jni.cpp, line 1613]
Event: 16,868 Thread 0x00007fc418558800 Exception <a 'java/lang/NoSuchMethodError': <clinit>> (0x00000000ed05edf8) thrown at [/build/openjdk-8-QGp3nu/openjdk-8-8u171-b11/src/hotspot/src/share/vm/prims/jni.cpp, line 1613]

Events (10 events):
Event: 16,971 Thread 0x00007fc41800e000 DEOPT PACKING pc=0x00007fc40a413b14 sp=0x00007fc41fbd83e0
Event: 16,971 Thread 0x00007fc41800e000 DEOPT UNPACKING pc=0x00007fc40904547a sp=0x00007fc41fbd8360 mode 2
Event: 16,971 Thread 0x00007fc41800e000 Uncommon trap: trap_request=0xffffffc6 fr.pc=0x00007fc40a657dd0
Event: 16,971 Thread 0x00007fc41800e000 DEOPT PACKING pc=0x00007fc40a657dd0 sp=0x00007fc41fbd7890
Event: 16,971 Thread 0x00007fc41800e000 DEOPT UNPACKING pc=0x00007fc40904547a sp=0x00007fc41fbd7850 mode 2
Event: 17,010 Thread 0x00007fc41800e000 DEOPT PACKING pc=0x00007fc40911c80f sp=0x00007fc41fbd8910
Event: 17,010 Thread 0x00007fc41800e000 DEOPT UNPACKING pc=0x00007fc4090474c4 sp=0x00007fc41fbd8600 mode 0
Event: 17,147 Thread 0x00007fc41800e000 DEOPT PACKING pc=0x00007fc40a562448 sp=0x00007fc41fbd8900
Event: 17,147 Thread 0x00007fc41800e000 DEOPT UNPACKING pc=0x00007fc4090474c4 sp=0x00007fc41fbd86c8 mode 0
Event: 17,161 Executing VM operation: ParallelGCFailedAllocation


Dynamic libraries:
c0000000-d8700000 rw-p 00000000 00:00 0 
e0200000-eab00000 ---p 00000000 00:00 0 
eab00000-100000000 rw-p 00000000 00:00 0 
100000000-100280000 rw-p 00000000 00:00 0 
100280000-140000000 ---p 00000000 00:00 0 
55e79feb2000-55e79feb3000 r-xp 00000000 08:05 2103396                    /usr/lib/jvm/java-8-openjdk-amd64/jre/bin/java
55e7a00b2000-55e7a00b3000 r--p 00000000 08:05 2103396                    /usr/lib/jvm/java-8-openjdk-amd64/jre/bin/java
55e7a00b3000-55e7a00b4000 rw-p 00001000 08:05 2103396                    /usr/lib/jvm/java-8-openjdk-amd64/jre/bin/java
55e7a1419000-55e7a143a000 rw-p 00000000 00:00 0                          [heap]
7fc394000000-7fc394021000 rw-p 00000000 00:00 0 
7fc394021000-7fc398000000 ---p 00000000 00:00 0 
7fc398000000-7fc3980fc000 rw-p 00000000 00:00 0 
7fc3980fc000-7fc39c000000 ---p 00000000 00:00 0 
7fc39c000000-7fc39c021000 rw-p 00000000 00:00 0 
7fc39c021000-7fc3a0000000 ---p 00000000 00:00 0 
7fc3a0000000-7fc3a0021000 rw-p 00000000 00:00 0 
7fc3a0021000-7fc3a4000000 ---p 00000000 00:00 0 
7fc3a4000000-7fc3a4021000 rw-p 00000000 00:00 0 
7fc3a4021000-7fc3a8000000 ---p 00000000 00:00 0 
7fc3a8000000-7fc3a8021000 rw-p 00000000 00:00 0 
7fc3a8021000-7fc3ac000000 ---p 00000000 00:00 0 
7fc3ac000000-7fc3ac021000 rw-p 00000000 00:00 0 
7fc3ac021000-7fc3b0000000 ---p 00000000 00:00 0 
7fc3b0000000-7fc3b0021000 rw-p 00000000 00:00 0 
7fc3b0021000-7fc3b4000000 ---p 00000000 00:00 0 
7fc3b4000000-7fc3b4021000 rw-p 00000000 00:00 0 
7fc3b4021000-7fc3b8000000 ---p 00000000 00:00 0 
7fc3b8000000-7fc3b8021000 rw-p 00000000 00:00 0 
7fc3b8021000-7fc3bc000000 ---p 00000000 00:00 0 
7fc3bc000000-7fc3bc021000 rw-p 00000000 00:00 0 
7fc3bc021000-7fc3c0000000 ---p 00000000 00:00 0 
7fc3c0000000-7fc3c0021000 rw-p 00000000 00:00 0 
7fc3c0021000-7fc3c4000000 ---p 00000000 00:00 0 
7fc3c5df4000-7fc3c5ff4000 rw-p 00000000 00:00 0 
7fc3c60ff000-7fc3c627f000 rw-p 00000000 00:00 0 
7fc3c627f000-7fc3c62ff000 ---p 00000000 00:00 0 
7fc3c62ff000-7fc3c64ff000 rw-p 00000000 00:00 0 
7fc3c64ff000-7fc3c66ff000 rw-p 00000000 00:00 0 
7fc3c66ff000-7fc3c68ff000 rw-p 00000000 00:00 0 
7fc3c68ff000-7fc3c6902000 ---p 00000000 00:00 0 
7fc3c6902000-7fc3c6a00000 rw-p 00000000 00:00 0 
7fc3c6a00000-7fc3c6a07000 r-xp 00000000 08:05 2103421                    /usr/lib/jvm/java-8-openjdk-amd64/jre/lib/amd64/libawt_headless.so
7fc3c6a07000-7fc3c6c06000 ---p 00007000 08:05 2103421                    /usr/lib/jvm/java-8-openjdk-amd64/jre/lib/amd64/libawt_headless.so
7fc3c6c06000-7fc3c6c07000 r--p 00006000 08:05 2103421                    /usr/lib/jvm/java-8-openjdk-amd64/jre/lib/amd64/libawt_headless.so
7fc3c6c07000-7fc3c6c08000 rw-p 00007000 08:05 2103421                    /usr/lib/jvm/java-8-openjdk-amd64/jre/lib/amd64/libawt_headless.so
7fc3c6c08000-7fc3c6ca8000 r-xp 00000000 08:05 2103420                    /usr/lib/jvm/java-8-openjdk-amd64/jre/lib/amd64/libawt.so
7fc3c6ca8000-7fc3c6ea7000 ---p 000a0000 08:05 2103420                    /usr/lib/jvm/java-8-openjdk-amd64/jre/lib/amd64/libawt.so
7fc3c6ea7000-7fc3c6ea8000 r--p 0009f000 08:05 2103420                    /usr/lib/jvm/java-8-openjdk-amd64/jre/lib/amd64/libawt.so
7fc3c6ea8000-7fc3c6eb3000 rw-p 000a0000 08:05 2103420                    /usr/lib/jvm/java-8-openjdk-amd64/jre/lib/amd64/libawt.so
7fc3c6eb3000-7fc3c6ed8000 rw-p 00000000 00:00 0 
7fc3c6ed8000-7fc3c6edb000 ---p 00000000 00:00 0 
7fc3c6edb000-7fc3c6fd9000 rw-p 00000000 00:00 0 
7fc3c6fd9000-7fc3c6fe2000 r-xp 00000000 08:05 2103445                    /usr/lib/jvm/java-8-openjdk-amd64/jre/lib/amd64/libmanagement.so
7fc3c6fe2000-7fc3c71e1000 ---p 00009000 08:05 2103445                    /usr/lib/jvm/java-8-openjdk-amd64/jre/lib/amd64/libmanagement.so
7fc3c71e1000-7fc3c71e2000 r--p 00008000 08:05 2103445                    /usr/lib/jvm/java-8-openjdk-amd64/jre/lib/amd64/libmanagement.so
7fc3c71e2000-7fc3c71e3000 rw-p 00009000 08:05 2103445                    /usr/lib/jvm/java-8-openjdk-amd64/jre/lib/amd64/libmanagement.so
7fc3c71e3000-7fc3c71e6000 ---p 00000000 00:00 0 
7fc3c71e6000-7fc3c72e4000 rw-p 00000000 00:00 0 
7fc3c72e4000-7fc3c72e7000 ---p 00000000 00:00 0 
7fc3c72e7000-7fc3c73e5000 rw-p 00000000 00:00 0 
7fc3c73e5000-7fc3c73e8000 ---p 00000000 00:00 0 
7fc3c73e8000-7fc3c74e6000 rw-p 00000000 00:00 0 
7fc3c74e6000-7fc3c74e9000 ---p 00000000 00:00 0 
7fc3c74e9000-7fc3c75e7000 rw-p 00000000 00:00 0 
7fc3c75e7000-7fc3c75ea000 ---p 00000000 00:00 0 
7fc3c75ea000-7fc3c76e8000 rw-p 00000000 00:00 0 
7fc3c76e8000-7fc3c76eb000 ---p 00000000 00:00 0 
7fc3c76eb000-7fc3c77e9000 rw-p 00000000 00:00 0 
7fc3c77e9000-7fc3c77ec000 ---p 00000000 00:00 0 
7fc3c77ec000-7fc3c78ea000 rw-p 00000000 00:00 0 
7fc3c78ea000-7fc3c78ed000 ---p 00000000 00:00 0 
7fc3c78ed000-7fc3c7beb000 rw-p 00000000 00:00 0 
7fc3c7beb000-7fc3c7bee000 ---p 00000000 00:00 0 
7fc3c7bee000-7fc3c7cec000 rw-p 00000000 00:00 0 
7fc3c7cec000-7fc3c7cef000 ---p 00000000 00:00 0 
7fc3c7cef000-7fc3c7ded000 rw-p 00000000 00:00 0 
7fc3c7ded000-7fc3c7dfe000 r-xp 00000000 08:05 2103448                    /usr/lib/jvm/java-8-openjdk-amd64/jre/lib/amd64/libnio.so
7fc3c7dfe000-7fc3c7ffe000 ---p 00011000 08:05 2103448                    /usr/lib/jvm/java-8-openjdk-amd64/jre/lib/amd64/libnio.so
7fc3c7ffe000-7fc3c7fff000 r--p 00011000 08:05 2103448                    /usr/lib/jvm/java-8-openjdk-amd64/jre/lib/amd64/libnio.so
7fc3c7fff000-7fc3c8000000 rw-p 00012000 08:05 2103448                    /usr/lib/jvm/java-8-openjdk-amd64/jre/lib/amd64/libnio.so
7fc3c8000000-7fc3c8381000 rw-p 00000000 00:00 0 
7fc3c8381000-7fc3cc000000 ---p 00000000 00:00 0 
7fc3cc0e7000-7fc3cc0fa000 r--s 00346000 08:05 2103491                    /usr/lib/jvm/java-8-openjdk-amd64/jre/lib/resources.jar
7fc3cc0fa000-7fc3cc2fa000 rw-p 00000000 00:00 0 
7fc3cc2fa000-7fc3cc310000 r-xp 00000000 08:05 4855059                    /lib/x86_64-linux-gnu/libresolv-2.26.so
7fc3cc310000-7fc3cc510000 ---p 00016000 08:05 4855059                    /lib/x86_64-linux-gnu/libresolv-2.26.so
7fc3cc510000-7fc3cc511000 r--p 00016000 08:05 4855059                    /lib/x86_64-linux-gnu/libresolv-2.26.so
7fc3cc511000-7fc3cc512000 rw-p 00017000 08:05 4855059                    /lib/x86_64-linux-gnu/libresolv-2.26.so
7fc3cc512000-7fc3cc514000 rw-p 00000000 00:00 0 
7fc3cc514000-7fc3cc519000 r-xp 00000000 08:05 4854355                    /lib/x86_64-linux-gnu/libnss_dns-2.26.so
7fc3cc519000-7fc3cc719000 ---p 00005000 08:05 4854355                    /lib/x86_64-linux-gnu/libnss_dns-2.26.so
7fc3cc719000-7fc3cc71a000 r--p 00005000 08:05 4854355                    /lib/x86_64-linux-gnu/libnss_dns-2.26.so
7fc3cc71a000-7fc3cc71b000 rw-p 00006000 08:05 4854355                    /lib/x86_64-linux-gnu/libnss_dns-2.26.so
7fc3cc71b000-7fc3cc71d000 r-xp 00000000 08:05 4854338                    /lib/x86_64-linux-gnu/libnss_mdns4_minimal.so.2
7fc3cc71d000-7fc3cc91c000 ---p 00002000 08:05 4854338                    /lib/x86_64-linux-gnu/libnss_mdns4_minimal.so.2
7fc3cc91c000-7fc3cc91d000 r--p 00001000 08:05 4854338                    /lib/x86_64-linux-gnu/libnss_mdns4_minimal.so.2
7fc3cc91d000-7fc3cc91e000 rw-p 00002000 08:05 4854338                    /lib/x86_64-linux-gnu/libnss_mdns4_minimal.so.2
7fc3cc92e000-7fc3cc933000 r--s 0009d000 08:05 2103487                    /usr/lib/jvm/java-8-openjdk-amd64/jre/lib/jsse.jar
7fc3cc933000-7fc3cf934000 rw-p 00000000 00:00 0 
7fc3cf934000-7fc3cf94a000 r-xp 00000000 08:05 2103447                    /usr/lib/jvm/java-8-openjdk-amd64/jre/lib/amd64/libnet.so
7fc3cf94a000-7fc3cfb4a000 ---p 00016000 08:05 2103447                    /usr/lib/jvm/java-8-openjdk-amd64/jre/lib/amd64/libnet.so
7fc3cfb4a000-7fc3cfb4b000 r--p 00016000 08:05 2103447                    /usr/lib/jvm/java-8-openjdk-amd64/jre/lib/amd64/libnet.so
7fc3cfb4b000-7fc3cfb4c000 rw-p 00017000 08:05 2103447                    /usr/lib/jvm/java-8-openjdk-amd64/jre/lib/amd64/libnet.so
7fc3cfb4c000-7fc3cfb4f000 ---p 00000000 00:00 0 
7fc3cfb4f000-7fc3cfc4d000 rw-p 00000000 00:00 0 
7fc3cfc4d000-7fc3cfc60000 r--s 00244000 00:31 6560124                    /home/vectoun/.m2/repository/org/eclipse/jdt/ecj/3.12.3/ecj-3.12.3.jar
7fc3cfc60000-7fc3cfc65000 r--s 00037000 00:31 7474876                    /home/vectoun/.m2/repository/org/mortbay/jasper/apache-el/8.5.24.2/apache-el-8.5.24.2.jar
7fc3cfc65000-7fc3cfc73000 r--s 000e7000 00:31 7474978                    /home/vectoun/.m2/repository/org/mortbay/jasper/apache-jsp/8.5.24.2/apache-jsp-8.5.24.2.jar
7fc3cfc73000-7fc3cfc75000 r--s 0002d000 00:31 7475007                    /home/vectoun/.m2/repository/org/eclipse/jetty/toolchain/jetty-schemas/3.1/jetty-schemas-3.1.jar
7fc3cfc75000-7fc3cfc77000 r--s 00002000 00:31 7606792                    /home/vectoun/.m2/repository/org/eclipse/jetty/apache-jsp/9.4.11.v20180605/apache-jsp-9.4.11.v20180605.jar
7fc3cfc77000-7fc3cfc79000 r--s 00005000 00:31 6560118                    /home/vectoun/.m2/repository/javax/annotation/javax.annotation-api/1.3.2/javax.annotation-api-1.3.2.jar
7fc3cfc79000-7fc3cfc7b000 r--s 00009000 00:31 7606691                    /home/vectoun/.m2/repository/org/eclipse/jetty/jetty-jndi/9.4.11.v20180605/jetty-jndi-9.4.11.v20180605.jar
7fc3cfc7b000-7fc3cfc7d000 r--s 0000c000 00:31 7606488                    /home/vectoun/.m2/repository/org/eclipse/jetty/jetty-plus/9.4.11.v20180605/jetty-plus-9.4.11.v20180605.jar
7fc3cfc7d000-7fc3cfc80000 r--s 00011000 00:31 7606477                    /home/vectoun/.m2/repository/org/eclipse/jetty/jetty-annotations/9.4.11.v20180605/jetty-annotations-9.4.11.v20180605.jar
7fc3cfc80000-7fc3cfc83000 r--s 0001e000 00:31 7606463                    /home/vectoun/.m2/repository/org/eclipse/jetty/jetty-io/9.4.11.v20180605/jetty-io-9.4.11.v20180605.jar
7fc3cfc83000-7fc3cfc8b000 r--s 00072000 00:31 7606484                    /home/vectoun/.m2/repository/org/eclipse/jetty/jetty-util/9.4.11.v20180605/jetty-util-9.4.11.v20180605.jar
7fc3cfc8b000-7fc3cfc8e000 r--s 0002d000 00:31 7606468                    /home/vectoun/.m2/repository/org/eclipse/jetty/jetty-http/9.4.11.v20180605/jetty-http-9.4.11.v20180605.jar
7fc3cfc8e000-7fc3cfc90000 r--s 00003000 00:31 7606481                    /home/vectoun/.m2/repository/org/eclipse/jetty/jetty-continuation/9.4.11.v20180605/jetty-continuation-9.4.11.v20180605.jar
7fc3cfc90000-7fc3cfc92000 r--s 00015000 00:31 7606465                    /home/vectoun/.m2/repository/org/eclipse/jetty/jetty-servlets/9.4.11.v20180605/jetty-servlets-9.4.11.v20180605.jar
7fc3cfc92000-7fc3cfc9a000 r--s 00089000 00:31 7606483                    /home/vectoun/.m2/repository/org/eclipse/jetty/jetty-server/9.4.11.v20180605/jetty-server-9.4.11.v20180605.jar
7fc3cfc9a000-7fc3cfc9c000 r--s 00015000 00:31 7606471                    /home/vectoun/.m2/repository/org/eclipse/jetty/jetty-security/9.4.11.v20180605/jetty-security-9.4.11.v20180605.jar
7fc3cfc9c000-7fc3cfc9f000 r--s 00019000 00:31 7606466                    /home/vectoun/.m2/repository/org/eclipse/jetty/jetty-servlet/9.4.11.v20180605/jetty-servlet-9.4.11.v20180605.jar
7fc3cfc9f000-7fc3cfca2000 r--s 0001d000 00:31 7606474                    /home/vectoun/.m2/repository/org/eclipse/jetty/jetty-webapp/9.4.11.v20180605/jetty-webapp-9.4.11.v20180605.jar
7fc3cfca2000-7fc3cfca5000 r--s 00008000 00:31 7606475                    /home/vectoun/.m2/repository/org/eclipse/jetty/websocket/websocket-api/9.4.11.v20180605/websocket-api-9.4.11.v20180605.jar
7fc3cfca5000-7fc3cfca9000 r--s 0002c000 00:31 7606473                    /home/vectoun/.m2/repository/org/eclipse/jetty/websocket/websocket-common/9.4.11.v20180605/websocket-common-9.4.11.v20180605.jar
7fc3cfca9000-7fc3cfcaf000 r--s 0003f000 00:31 6560977                    /home/vectoun/.m2/repository/org/eclipse/jetty/jetty-client/9.4.11.v20180605/jetty-client-9.4.11.v20180605.jar
7fc3cfcaf000-7fc3cfcb1000 r--s 00007000 00:31 7477425                    /home/vectoun/.m2/repository/org/eclipse/jetty/websocket/websocket-client/9.4.11.v20180605/websocket-client-9.4.11.v20180605.jar
7fc3cfcb1000-7fc3cfcb7000 r--s 00046000 00:31 6033053                    /home/vectoun/.m2/repository/commons-net/commons-net/3.6/commons-net-3.6.jar
7fc3cfcb7000-7fc3cfcbb000 r--s 0005b000 00:31 7474840                    /home/vectoun/.m2/repository/net/sourceforge/cssparser/cssparser/0.9.24/cssparser-0.9.24.jar
7fc3cfcbb000-7fc3cfcc4000 r--s 0002d000 00:31 6576945                    /home/vectoun/.m2/repository/xml-apis/xml-apis/1.4.01/xml-apis-1.4.01.jar
7fc3cfcc4000-7fc3cfcdd000 r--s 00135000 00:31 7091546                    /home/vectoun/.m2/repository/xerces/xercesImpl/2.11.0/xercesImpl-2.11.0.jar
7fc3cfcdd000-7fc3cfcdf000 r--s 0001d000 00:31 7474837                    /home/vectoun/.m2/repository/net/sourceforge/htmlunit/neko-htmlunit/2.28/neko-htmlunit-2.28.jar
7fc3cfcdf000-7fc3cfced000 r--s 00125000 00:31 7474835                    /home/vectoun/.m2/repository/net/sourceforge/htmlunit/htmlunit-core-js/2.28/htmlunit-core-js-2.28.jar
7fc3cfced000-7fc3cfcf4000 r--s 0004b000 00:31 6950907                    /home/vectoun/.m2/repository/commons-codec/commons-codec/1.11/commons-codec-1.11.jar
7fc3cfcf4000-7fc3cfcfb000 r--s 00049000 00:31 6299692                    /home/vectoun/.m2/repository/org/apache/httpcomponents/httpcore/4.4.9/httpcore-4.4.9.jar
7fc3cfcfb000-7fc3cfd09000 r--s 000ae000 00:31 6299690                    /home/vectoun/.m2/repository/org/apache/httpcomponents/httpclient/4.5.5/httpclient-4.5.5.jar
7fc3cfd09000-7fc3cfd0d000 r--s 0001e000 00:31 6560112                    /home/vectoun/.m2/repository/org/apache/commons/commons-text/1.2/commons-text-1.2.jar
7fc3cfd0d000-7fc3cfd15000 r--s 00072000 00:31 6300322                    /home/vectoun/.m2/repository/org/apache/commons/commons-lang3/3.7/commons-lang3-3.7.jar
7fc3cfd15000-7fc3cfd19000 r--s 00040000 00:31 7091535                    /home/vectoun/.m2/repository/xalan/serializer/2.7.2/serializer-2.7.2.jar
7fc3cfd19000-7fc3cfd3e000 r--s 002de000 00:31 7091533                    /home/vectoun/.m2/repository/xalan/xalan/2.7.2/xalan-2.7.2.jar
7fc3cfd3e000-7fc3cfd66000 r--s 001ca000 00:31 7474834                    /home/vectoun/.m2/repository/net/sourceforge/htmlunit/htmlunit/2.29/htmlunit-2.29.jar
7fc3cfd66000-7fc3cfd7f000 r--s 000f1000 00:31 7091530                    /home/vectoun/.m2/repository/tapestry/tapestry/4.0.2/tapestry-4.0.2.jar
7fc3cfd7f000-7fc3cfdcd000 r--s 0087c000 00:31 7091527                    /home/vectoun/.m2/repository/com/ibm/icu/icu4j/50.1.1/icu4j-50.1.1.jar
7fc3cfdcd000-7fc3cfdd0000 ---p 00000000 00:00 0 
7fc3cfdd0000-7fc3cfece000 rw-p 00000000 00:00 0 
7fc3cfece000-7fc3d0000000 r--s 00e59000 00:31 6560110                    /home/vectoun/.m2/repository/com/google/gwt/gwt-user/2.8.2/gwt-user-2.8.2.jar
7fc3d0000000-7fc3d0021000 rw-p 00000000 00:00 0 
7fc3d0021000-7fc3d4000000 ---p 00000000 00:00 0 
7fc3d4000000-7fc3d4021000 rw-p 00000000 00:00 0 
7fc3d4021000-7fc3d8000000 ---p 00000000 00:00 0 
7fc3d8000000-7fc3da573000 rw-p 00000000 00:00 0 
7fc3da573000-7fc3dc000000 ---p 00000000 00:00 0 
7fc3dc000000-7fc3dd5c9000 rw-p 00000000 00:00 0 
7fc3dd5c9000-7fc3e0000000 ---p 00000000 00:00 0 
7fc3e0000000-7fc3e0021000 rw-p 00000000 00:00 0 
7fc3e0021000-7fc3e4000000 ---p 00000000 00:00 0 
7fc3e4000000-7fc3e5a13000 rw-p 00000000 00:00 0 
7fc3e5a13000-7fc3e8000000 ---p 00000000 00:00 0 
7fc3e8000000-7fc3e8021000 rw-p 00000000 00:00 0 
7fc3e8021000-7fc3ec000000 ---p 00000000 00:00 0 
7fc3ec000000-7fc3ec021000 rw-p 00000000 00:00 0 
7fc3ec021000-7fc3f0000000 ---p 00000000 00:00 0 
7fc3f0000000-7fc3f003b000 rw-p 00000000 00:00 0 
7fc3f003b000-7fc3f4000000 ---p 00000000 00:00 0 
7fc3f4000000-7fc3f4021000 rw-p 00000000 00:00 0 
7fc3f4021000-7fc3f8000000 ---p 00000000 00:00 0 
7fc3f8000000-7fc3f8001000 r--s 0000c000 00:31 7606479                    /home/vectoun/.m2/repository/org/eclipse/jetty/jetty-xml/9.4.11.v20180605/jetty-xml-9.4.11.v20180605.jar
7fc3f8001000-7fc3f8005000 r--s 0002a000 00:31 6557314                    /home/vectoun/.m2/repository/commons-io/commons-io/2.4/commons-io-2.4.jar
7fc3f8005000-7fc3f8012000 r--s 00083000 00:31 6423411                    /home/vectoun/.m2/repository/commons-collections/commons-collections/3.2.2/commons-collections-3.2.2.jar
7fc3f8012000-7fc3f8021000 r--s 000ee000 00:31 7091525                    /home/vectoun/.m2/repository/ant/ant/1.6.5/ant-1.6.5.jar
7fc3f8021000-7fc3f802f000 r--s 00081000 00:31 7091523                    /home/vectoun/.m2/repository/colt/colt/1.2.0/colt-1.2.0.jar
7fc3f802f000-7fc3f80f4000 r--s 00d2b000 00:31 6444168                    /home/vectoun/.m2/repository/com/google/gwt/gwt-dev/2.8.2/gwt-dev-2.8.2.jar
7fc3f80f4000-7fc3f80f5000 ---p 00000000 00:00 0 
7fc3f80f5000-7fc3f81f5000 rw-p 00000000 00:00 0 
7fc3f81f5000-7fc3f81f8000 ---p 00000000 00:00 0 
7fc3f81f8000-7fc3f82f6000 rw-p 00000000 00:00 0 
7fc3f82f6000-7fc3f82f9000 ---p 00000000 00:00 0 
7fc3f82f9000-7fc3f83f7000 rw-p 00000000 00:00 0 
7fc3f83f7000-7fc3f83fa000 ---p 00000000 00:00 0 
7fc3f83fa000-7fc3f84f8000 rw-p 00000000 00:00 0 
7fc3f84f8000-7fc3f84fb000 ---p 00000000 00:00 0 
7fc3f84fb000-7fc3f85f9000 rw-p 00000000 00:00 0 
7fc3f85f9000-7fc3f85fc000 ---p 00000000 00:00 0 
7fc3f85fc000-7fc3f86fa000 rw-p 00000000 00:00 0 
7fc3f86fa000-7fc3f89f2000 r--p 00000000 08:05 2098517                    /usr/lib/locale/locale-archive
7fc3f89f2000-7fc3f89f5000 ---p 00000000 00:00 0 
7fc3f89f5000-7fc3f8af3000 rw-p 00000000 00:00 0 
7fc3f8af3000-7fc3f8af6000 ---p 00000000 00:00 0 
7fc3f8af6000-7fc3f8bf4000 rw-p 00000000 00:00 0 
7fc3f8bf4000-7fc3f8bf5000 ---p 00000000 00:00 0 
7fc3f8bf5000-7fc3fc000000 rw-p 00000000 00:00 0 
7fc3fc000000-7fc3fc021000 rw-p 00000000 00:00 0 
7fc3fc021000-7fc400000000 ---p 00000000 00:00 0 
7fc400000000-7fc400021000 rw-p 00000000 00:00 0 
7fc400021000-7fc404000000 ---p 00000000 00:00 0 
7fc404000000-7fc404021000 rw-p 00000000 00:00 0 
7fc404021000-7fc408000000 ---p 00000000 00:00 0 
7fc408000000-7fc408002000 r--s 00009000 00:31 6299697                    /home/vectoun/.m2/repository/org/apache/httpcomponents/httpmime/4.5.5/httpmime-4.5.5.jar
7fc408002000-7fc408004000 r--s 00009000 00:31 6425360                    /home/vectoun/.m2/repository/org/ow2/asm/asm-commons/5.0.3/asm-commons-5.0.3.jar
7fc408004000-7fc408006000 r--s 00006000 00:31 6425358                    /home/vectoun/.m2/repository/org/ow2/asm/asm-tree/5.0.3/asm-tree-5.0.3.jar
7fc408006000-7fc408007000 r--s 0000a000 00:31 6425356                    /home/vectoun/.m2/repository/org/ow2/asm/asm-util/5.0.3/asm-util-5.0.3.jar
7fc408007000-7fc408008000 r--s 0000c000 00:31 6425354                    /home/vectoun/.m2/repository/org/ow2/asm/asm/5.0.3/asm-5.0.3.jar
7fc408008000-7fc40800d000 r--s 00036000 00:31 7477427                    /home/vectoun/.m2/repository/com/google/code/gson/gson/2.8.5/gson-2.8.5.jar
7fc40800d000-7fc408010000 r--s 00006000 00:31 6422746                    /home/vectoun/.m2/repository/com/google/code/findbugs/jsr305/1.3.9/jsr305-1.3.9.jar
7fc408010000-7fc408011000 r--s 00003000 00:31 7091508                    /home/vectoun/.m2/repository/org/w3c/css/sac/1.3/sac-1.3.jar
7fc408011000-7fc408014000 r--s 00015000 00:31 7091509                    /home/vectoun/.m2/repository/javax/servlet/javax.servlet-api/3.1.0/javax.servlet-api-3.1.0.jar
7fc408014000-7fc408042000 rw-p 00000000 00:00 0 
7fc408042000-7fc408044000 r--s 0000e000 00:31 6425264                    /home/vectoun/.m2/repository/javax/validation/validation-api/1.0.0.GA/validation-api-1.0.0.GA-sources.jar
7fc408044000-7fc408047000 r--s 00009000 00:31 6425259                    /home/vectoun/.m2/repository/javax/validation/validation-api/1.0.0.GA/validation-api-1.0.0.GA.jar
7fc408047000-7fc408049000 r--s 00008000 08:05 2103472                    /usr/lib/jvm/java-8-openjdk-amd64/jre/lib/ext/sunec.jar
7fc408049000-7fc408053000 r--s 00116000 08:05 2103470                    /usr/lib/jvm/java-8-openjdk-amd64/jre/lib/ext/localedata.jar
7fc408053000-7fc40806e000 r--s 001d6000 08:05 2103471                    /usr/lib/jvm/java-8-openjdk-amd64/jre/lib/ext/nashorn.jar
7fc40806e000-7fc408070000 r--s 00001000 08:05 2103467                    /usr/lib/jvm/java-8-openjdk-amd64/jre/lib/ext/dnsns.jar
7fc408070000-7fc408072000 r--s 00007000 08:05 2495951                    /usr/share/java/java-atk-wrapper.jar
7fc408072000-7fc408075000 r--s 0000f000 08:05 2103468                    /usr/lib/jvm/java-8-openjdk-amd64/jre/lib/ext/icedtea-sound.jar
7fc408075000-7fc408090000 r--s 00394000 08:05 2103466                    /usr/lib/jvm/java-8-openjdk-amd64/jre/lib/ext/cldrdata.jar
7fc408090000-7fc4084d6000 rw-p 00000000 00:00 0 
7fc4084d6000-7fc4086a5000 r--s 03c2f000 08:05 2103492                    /usr/lib/jvm/java-8-openjdk-amd64/jre/lib/rt.jar
7fc4086a5000-7fc4088a5000 rw-p 00000000 00:00 0 
7fc4088a5000-7fc4088a6000 ---p 00000000 00:00 0 
7fc4088a6000-7fc4089a6000 rw-p 00000000 00:00 0 
7fc4089a6000-7fc4089a7000 ---p 00000000 00:00 0 
7fc4089a7000-7fc408aa7000 rw-p 00000000 00:00 0 
7fc408aa7000-7fc408aa8000 ---p 00000000 00:00 0 
7fc408aa8000-7fc408ba8000 rw-p 00000000 00:00 0 
7fc408ba8000-7fc408ba9000 ---p 00000000 00:00 0 
7fc408ba9000-7fc408d6d000 rw-p 00000000 00:00 0 
7fc408d6d000-7fc408dff000 ---p 00000000 00:00 0 
7fc408dff000-7fc408ec3000 rw-p 00000000 00:00 0 
7fc408ec3000-7fc408f54000 ---p 00000000 00:00 0 
7fc408f54000-7fc408fff000 rw-p 00000000 00:00 0 
7fc408fff000-7fc409000000 rw-p 00000000 00:00 0 
7fc409000000-7fc40a6c0000 rwxp 00000000 00:00 0 
7fc40a6c0000-7fc418000000 ---p 00000000 00:00 0 
7fc418000000-7fc4188ba000 rw-p 00000000 00:00 0 
7fc4188ba000-7fc41c000000 ---p 00000000 00:00 0 
7fc41c000000-7fc41c001000 r--s 00002000 00:31 7474829                    /home/vectoun/.m2/repository/com/google/jsinterop/jsinterop-annotations/1.0.2/jsinterop-annotations-1.0.2-sources.jar
7fc41c001000-7fc41c135000 rw-p 00000000 00:00 0 
7fc41c135000-7fc41c49a000 ---p 00000000 00:00 0 
7fc41c49a000-7fc41c4a2000 r-xp 00000000 08:05 2103455                    /usr/lib/jvm/java-8-openjdk-amd64/jre/lib/amd64/libzip.so
7fc41c4a2000-7fc41c6a1000 ---p 00008000 08:05 2103455                    /usr/lib/jvm/java-8-openjdk-amd64/jre/lib/amd64/libzip.so
7fc41c6a1000-7fc41c6a2000 r--p 00007000 08:05 2103455                    /usr/lib/jvm/java-8-openjdk-amd64/jre/lib/amd64/libzip.so
7fc41c6a2000-7fc41c6a3000 rw-p 00008000 08:05 2103455                    /usr/lib/jvm/java-8-openjdk-amd64/jre/lib/amd64/libzip.so
7fc41c6a3000-7fc41c6ae000 r-xp 00000000 08:05 4854356                    /lib/x86_64-linux-gnu/libnss_files-2.26.so
7fc41c6ae000-7fc41c8ad000 ---p 0000b000 08:05 4854356                    /lib/x86_64-linux-gnu/libnss_files-2.26.so
7fc41c8ad000-7fc41c8ae000 r--p 0000a000 08:05 4854356                    /lib/x86_64-linux-gnu/libnss_files-2.26.so
7fc41c8ae000-7fc41c8af000 rw-p 0000b000 08:05 4854356                    /lib/x86_64-linux-gnu/libnss_files-2.26.so
7fc41c8af000-7fc41c8b5000 rw-p 00000000 00:00 0 
7fc41c8b5000-7fc41c8c0000 r-xp 00000000 08:05 4854381                    /lib/x86_64-linux-gnu/libnss_nis-2.26.so
7fc41c8c0000-7fc41cabf000 ---p 0000b000 08:05 4854381                    /lib/x86_64-linux-gnu/libnss_nis-2.26.so
7fc41cabf000-7fc41cac0000 r--p 0000a000 08:05 4854381                    /lib/x86_64-linux-gnu/libnss_nis-2.26.so
7fc41cac0000-7fc41cac1000 rw-p 0000b000 08:05 4854381                    /lib/x86_64-linux-gnu/libnss_nis-2.26.so
7fc41cac1000-7fc41cad8000 r-xp 00000000 08:05 4854299                    /lib/x86_64-linux-gnu/libnsl-2.26.so
7fc41cad8000-7fc41ccd7000 ---p 00017000 08:05 4854299                    /lib/x86_64-linux-gnu/libnsl-2.26.so
7fc41ccd7000-7fc41ccd8000 r--p 00016000 08:05 4854299                    /lib/x86_64-linux-gnu/libnsl-2.26.so
7fc41ccd8000-7fc41ccd9000 rw-p 00017000 08:05 4854299                    /lib/x86_64-linux-gnu/libnsl-2.26.so
7fc41ccd9000-7fc41ccdb000 rw-p 00000000 00:00 0 
7fc41ccdb000-7fc41cce3000 r-xp 00000000 08:05 4854300                    /lib/x86_64-linux-gnu/libnss_compat-2.26.so
7fc41cce3000-7fc41cee2000 ---p 00008000 08:05 4854300                    /lib/x86_64-linux-gnu/libnss_compat-2.26.so
7fc41cee2000-7fc41cee3000 r--p 00007000 08:05 4854300                    /lib/x86_64-linux-gnu/libnss_compat-2.26.so
7fc41cee3000-7fc41cee4000 rw-p 00008000 08:05 4854300                    /lib/x86_64-linux-gnu/libnss_compat-2.26.so
7fc41cee4000-7fc41cf12000 r-xp 00000000 08:05 2103432                    /usr/lib/jvm/java-8-openjdk-amd64/jre/lib/amd64/libjava.so
7fc41cf12000-7fc41d111000 ---p 0002e000 08:05 2103432                    /usr/lib/jvm/java-8-openjdk-amd64/jre/lib/amd64/libjava.so
7fc41d111000-7fc41d112000 r--p 0002d000 08:05 2103432                    /usr/lib/jvm/java-8-openjdk-amd64/jre/lib/amd64/libjava.so
7fc41d112000-7fc41d114000 rw-p 0002e000 08:05 2103432                    /usr/lib/jvm/java-8-openjdk-amd64/jre/lib/amd64/libjava.so
7fc41d114000-7fc41d124000 r-xp 00000000 08:05 2103454                    /usr/lib/jvm/java-8-openjdk-amd64/jre/lib/amd64/libverify.so
7fc41d124000-7fc41d323000 ---p 00010000 08:05 2103454                    /usr/lib/jvm/java-8-openjdk-amd64/jre/lib/amd64/libverify.so
7fc41d323000-7fc41d325000 r--p 0000f000 08:05 2103454                    /usr/lib/jvm/java-8-openjdk-amd64/jre/lib/amd64/libverify.so
7fc41d325000-7fc41d326000 rw-p 00011000 08:05 2103454                    /usr/lib/jvm/java-8-openjdk-amd64/jre/lib/amd64/libverify.so
7fc41d326000-7fc41d32d000 r-xp 00000000 08:05 4855060                    /lib/x86_64-linux-gnu/librt-2.26.so
7fc41d32d000-7fc41d52c000 ---p 00007000 08:05 4855060                    /lib/x86_64-linux-gnu/librt-2.26.so
7fc41d52c000-7fc41d52d000 r--p 00006000 08:05 4855060                    /lib/x86_64-linux-gnu/librt-2.26.so
7fc41d52d000-7fc41d52e000 rw-p 00007000 08:05 4855060                    /lib/x86_64-linux-gnu/librt-2.26.so
7fc41d52e000-7fc41d544000 r-xp 00000000 08:05 4849680                    /lib/x86_64-linux-gnu/libgcc_s.so.1
7fc41d544000-7fc41d743000 ---p 00016000 08:05 4849680                    /lib/x86_64-linux-gnu/libgcc_s.so.1
7fc41d743000-7fc41d744000 r--p 00015000 08:05 4849680                    /lib/x86_64-linux-gnu/libgcc_s.so.1
7fc41d744000-7fc41d745000 rw-p 00016000 08:05 4849680                    /lib/x86_64-linux-gnu/libgcc_s.so.1
7fc41d745000-7fc41d89a000 r-xp 00000000 08:05 4854261                    /lib/x86_64-linux-gnu/libm-2.26.so
7fc41d89a000-7fc41da99000 ---p 00155000 08:05 4854261                    /lib/x86_64-linux-gnu/libm-2.26.so
7fc41da99000-7fc41da9a000 r--p 00154000 08:05 4854261                    /lib/x86_64-linux-gnu/libm-2.26.so
7fc41da9a000-7fc41da9b000 rw-p 00155000 08:05 4854261                    /lib/x86_64-linux-gnu/libm-2.26.so
7fc41da9b000-7fc41dc13000 r-xp 00000000 08:05 2097338                    /usr/lib/x86_64-linux-gnu/libstdc++.so.6.0.24
7fc41dc13000-7fc41de12000 ---p 00178000 08:05 2097338                    /usr/lib/x86_64-linux-gnu/libstdc++.so.6.0.24
7fc41de12000-7fc41de1c000 r--p 00177000 08:05 2097338                    /usr/lib/x86_64-linux-gnu/libstdc++.so.6.0.24
7fc41de1c000-7fc41de1e000 rw-p 00181000 08:05 2097338                    /usr/lib/x86_64-linux-gnu/libstdc++.so.6.0.24
7fc41de1e000-7fc41de21000 rw-p 00000000 00:00 0 
7fc41de21000-7fc41eab2000 r-xp 00000000 08:05 2103457                    /usr/lib/jvm/java-8-openjdk-amd64/jre/lib/amd64/server/libjvm.so
7fc41eab2000-7fc41ecb2000 ---p 00c91000 08:05 2103457                    /usr/lib/jvm/java-8-openjdk-amd64/jre/lib/amd64/server/libjvm.so
7fc41ecb2000-7fc41ed45000 r--p 00c91000 08:05 2103457                    /usr/lib/jvm/java-8-openjdk-amd64/jre/lib/amd64/server/libjvm.so
7fc41ed45000-7fc41ed6d000 rw-p 00d24000 08:05 2103457                    /usr/lib/jvm/java-8-openjdk-amd64/jre/lib/amd64/server/libjvm.so
7fc41ed6d000-7fc41ed9e000 rw-p 00000000 00:00 0 
7fc41ed9e000-7fc41edb8000 r-xp 00000000 08:05 4855058                    /lib/x86_64-linux-gnu/libpthread-2.26.so
7fc41edb8000-7fc41efb7000 ---p 0001a000 08:05 4855058                    /lib/x86_64-linux-gnu/libpthread-2.26.so
7fc41efb7000-7fc41efb8000 r--p 00019000 08:05 4855058                    /lib/x86_64-linux-gnu/libpthread-2.26.so
7fc41efb8000-7fc41efb9000 rw-p 0001a000 08:05 4855058                    /lib/x86_64-linux-gnu/libpthread-2.26.so
7fc41efb9000-7fc41efbd000 rw-p 00000000 00:00 0 
7fc41efbd000-7fc41efc0000 r-xp 00000000 08:05 4854260                    /lib/x86_64-linux-gnu/libdl-2.26.so
7fc41efc0000-7fc41f1bf000 ---p 00003000 08:05 4854260                    /lib/x86_64-linux-gnu/libdl-2.26.so
7fc41f1bf000-7fc41f1c0000 r--p 00002000 08:05 4854260                    /lib/x86_64-linux-gnu/libdl-2.26.so
7fc41f1c0000-7fc41f1c1000 rw-p 00003000 08:05 4854260                    /lib/x86_64-linux-gnu/libdl-2.26.so
7fc41f1c1000-7fc41f1dd000 r-xp 00000000 08:05 4854418                    /lib/x86_64-linux-gnu/libz.so.1.2.11
7fc41f1dd000-7fc41f3dc000 ---p 0001c000 08:05 4854418                    /lib/x86_64-linux-gnu/libz.so.1.2.11
7fc41f3dc000-7fc41f3dd000 r--p 0001b000 08:05 4854418                    /lib/x86_64-linux-gnu/libz.so.1.2.11
7fc41f3dd000-7fc41f3de000 rw-p 0001c000 08:05 4854418                    /lib/x86_64-linux-gnu/libz.so.1.2.11
7fc41f3de000-7fc41f5b4000 r-xp 00000000 08:05 4854257                    /lib/x86_64-linux-gnu/libc-2.26.so
7fc41f5b4000-7fc41f7b4000 ---p 001d6000 08:05 4854257                    /lib/x86_64-linux-gnu/libc-2.26.so
7fc41f7b4000-7fc41f7b8000 r--p 001d6000 08:05 4854257                    /lib/x86_64-linux-gnu/libc-2.26.so
7fc41f7b8000-7fc41f7ba000 rw-p 001da000 08:05 4854257                    /lib/x86_64-linux-gnu/libc-2.26.so
7fc41f7ba000-7fc41f7be000 rw-p 00000000 00:00 0 
7fc41f7be000-7fc41f7cc000 r-xp 00000000 08:05 2103416                    /usr/lib/jvm/java-8-openjdk-amd64/jre/lib/amd64/jli/libjli.so
7fc41f7cc000-7fc41f9cb000 ---p 0000e000 08:05 2103416                    /usr/lib/jvm/java-8-openjdk-amd64/jre/lib/amd64/jli/libjli.so
7fc41f9cb000-7fc41f9cc000 r--p 0000d000 08:05 2103416                    /usr/lib/jvm/java-8-openjdk-amd64/jre/lib/amd64/jli/libjli.so
7fc41f9cc000-7fc41f9cd000 rw-p 0000e000 08:05 2103416                    /usr/lib/jvm/java-8-openjdk-amd64/jre/lib/amd64/jli/libjli.so
7fc41f9cd000-7fc41f9f4000 r-xp 00000000 08:05 4849688                    /lib/x86_64-linux-gnu/ld-2.26.so
7fc41f9f4000-7fc41f9f5000 r--s 00000000 00:31 7474827                    /home/vectoun/.m2/repository/com/google/jsinterop/jsinterop-annotations/1.0.2/jsinterop-annotations-1.0.2.jar
7fc41f9f5000-7fc41fada000 rw-p 00000000 00:00 0 
7fc41fada000-7fc41fadd000 ---p 00000000 00:00 0 
7fc41fadd000-7fc41fbdd000 rw-p 00000000 00:00 0 
7fc41fbdd000-7fc41fbe3000 r--s 0003b000 08:05 2103473                    /usr/lib/jvm/java-8-openjdk-amd64/jre/lib/ext/sunjce_provider.jar
7fc41fbe3000-7fc41fbe4000 r--s 00010000 08:05 2103475                    /usr/lib/jvm/java-8-openjdk-amd64/jre/lib/ext/zipfs.jar
7fc41fbe4000-7fc41fbe7000 r--s 00038000 08:05 2103474                    /usr/lib/jvm/java-8-openjdk-amd64/jre/lib/ext/sunpkcs11.jar
7fc41fbe7000-7fc41fbe8000 r--s 0000a000 08:05 2103469                    /usr/lib/jvm/java-8-openjdk-amd64/jre/lib/ext/jaccess.jar
7fc41fbe8000-7fc41fbf0000 rw-s 00000000 08:05 1454727                    /tmp/hsperfdata_vectoun/24619
7fc41fbf0000-7fc41fbf1000 rw-p 00000000 00:00 0 
7fc41fbf1000-7fc41fbf2000 ---p 00000000 00:00 0 
7fc41fbf2000-7fc41fbf4000 rw-p 00000000 00:00 0 
7fc41fbf4000-7fc41fbf5000 r--p 00027000 08:05 4849688                    /lib/x86_64-linux-gnu/ld-2.26.so
7fc41fbf5000-7fc41fbf6000 rw-p 00028000 08:05 4849688                    /lib/x86_64-linux-gnu/ld-2.26.so
7fc41fbf6000-7fc41fbf7000 rw-p 00000000 00:00 0 
7ffcd1844000-7ffcd1867000 rw-p 00000000 00:00 0                          [stack]
7ffcd187d000-7ffcd1880000 r--p 00000000 00:00 0                          [vvar]
7ffcd1880000-7ffcd1882000 r-xp 00000000 00:00 0                          [vdso]
ffffffffff600000-ffffffffff601000 r-xp 00000000 00:00 0                  [vsyscall]

VM Arguments:
jvm_args: -Xmx1024m 
java_command: com.google.gwt.dev.Compiler -logLevel INFO -war /home/vectoun/git/perun/perun-web-gui/target/perun-web-gui -localWorkers 4 -XfragmentCount -1 -sourceLevel 8 -gen /home/vectoun/git/perun/perun-web-gui/target/.generated cz.metacentrum.perun.webgui.perun-web
java_class_path (initial): /home/vectoun/git/perun/perun-web-gui/target/classes:/home/vectoun/git/perun/perun-web-gui/src/main/java:/home/vectoun/git/perun/perun-web-gui/target/generated-sources/annotations:/home/vectoun/.m2/repository/javax/validation/validation-api/1.0.0.GA/validation-api-1.0.0.GA.jar:/home/vectoun/.m2/repository/javax/validation/validation-api/1.0.0.GA/validation-api-1.0.0.GA-sources.jar:/home/vectoun/.m2/repository/com/google/gwt/gwt-user/2.8.2/gwt-user-2.8.2.jar:/home/vectoun/.m2/repository/com/google/jsinterop/jsinterop-annotations/1.0.2/jsinterop-annotations-1.0.2.jar:/home/vectoun/.m2/repository/com/google/jsinterop/jsinterop-annotations/1.0.2/jsinterop-annotations-1.0.2-sources.jar:/home/vectoun/.m2/repository/javax/servlet/javax.servlet-api/3.1.0/javax.servlet-api-3.1.0.jar:/home/vectoun/.m2/repository/org/w3c/css/sac/1.3/sac-1.3.jar:/home/vectoun/.m2/repository/com/google/gwt/gwt-dev/2.8.2/gwt-dev-2.8.2.jar:/home/vectoun/.m2/repository/com/google/code/findbugs/jsr305/1.3.9/jsr305-1.3.9.jar:/home/vectoun/.m2/repository/com/google/code/gson/gson/2.8.5/gson-2.8.5.jar:/home/vectoun/.m2/repository/org/ow2/asm/asm/5.0.3/asm-5.0.3.jar:/home/vectoun/.m2/repository/org/ow2/asm/asm-util/5.0.3/asm-util-5.0.3.jar:/home/vectoun/.m2/repository/org/ow2/asm/asm-tree/5.0.3/asm-tree-5.0.3.jar:/home/vectoun/.m2/repository/org/ow2/asm/asm-commons/5.0.3/asm-commons-5.0.3.jar:/home/vectoun/.m2/repository/colt/colt/1.2.0/colt-1.2.0.jar:/home/vectoun/.m2/repository/ant/ant/1.6.5/ant-1.6.5.jar:/home/vectoun/.m2/repository/commons-collections/commons-collections/3.2.2/commons-collections-3.2.2.jar:/home/vectoun/.m2/repository/commons-io/commons-io/2.4/commons-io-2.4.jar:/home/vectoun/.m2/repository/com/ibm/icu/icu4j/50.1.1/icu4j-50.1.1.jar:/home/vectoun/.m2/repository/tapestry/tapestry/4.0.2/tapestry-4.0.2.jar:/home/vectoun/.m2/repository/net/sourceforge/htmlunit/htmlunit/2.29/htmlunit-2.29.jar:/home/vectoun/.m2/repository/xalan/xalan/2.7.2/xalan-2.7.2.jar:/home
Launcher Type: SUN_STANDARD

Environment Variables:
PATH=/usr/local/sbin:/usr/local/bin:/usr/sbin:/usr/bin:/sbin:/bin:/usr/games:/usr/local/games:/snap/bin
USERNAME=vectoun
SHELL=/bin/bash
DISPLAY=:0

Signal Handlers:
SIGSEGV: [libjvm.so+0xaabe00], sa_mask[0]=11111111011111111101111111111110, sa_flags=SA_RESTART|SA_SIGINFO
SIGBUS: [libjvm.so+0xaabe00], sa_mask[0]=11111111011111111101111111111110, sa_flags=SA_RESTART|SA_SIGINFO
SIGFPE: [libjvm.so+0x8e1dd0], sa_mask[0]=11111111011111111101111111111110, sa_flags=SA_RESTART|SA_SIGINFO
SIGPIPE: [libjvm.so+0x8e1dd0], sa_mask[0]=11111111011111111101111111111110, sa_flags=SA_RESTART|SA_SIGINFO
SIGXFSZ: [libjvm.so+0x8e1dd0], sa_mask[0]=11111111011111111101111111111110, sa_flags=SA_RESTART|SA_SIGINFO
SIGILL: [libjvm.so+0x8e1dd0], sa_mask[0]=11111111011111111101111111111110, sa_flags=SA_RESTART|SA_SIGINFO
SIGUSR1: SIG_DFL, sa_mask[0]=00000000000000000000000000000000, sa_flags=none
SIGUSR2: [libjvm.so+0x8e1c80], sa_mask[0]=00100000000000000000000000000000, sa_flags=SA_RESTART|SA_SIGINFO
SIGHUP: [libjvm.so+0x8e2130], sa_mask[0]=11111111011111111101111111111110, sa_flags=SA_RESTART|SA_SIGINFO
SIGINT: [libjvm.so+0x8e2130], sa_mask[0]=11111111011111111101111111111110, sa_flags=SA_RESTART|SA_SIGINFO
SIGTERM: [libjvm.so+0x8e2130], sa_mask[0]=11111111011111111101111111111110, sa_flags=SA_RESTART|SA_SIGINFO
SIGQUIT: [libjvm.so+0x8e2130], sa_mask[0]=11111111011111111101111111111110, sa_flags=SA_RESTART|SA_SIGINFO


---------------  S Y S T E M  ---------------

OS:DISTRIB_ID=Ubuntu
DISTRIB_RELEASE=17.10
DISTRIB_CODENAME=artful
DISTRIB_DESCRIPTION="Ubuntu 17.10"

uname:Linux 4.13.0-43-generic #48-Ubuntu SMP Wed May 16 12:18:48 UTC 2018 x86_64
libc:glibc 2.26 NPTL 2.26 
rlimit: STACK 8192k, CORE 0k, NPROC 30462, NOFILE 1048576, AS infinity
load average:3,37 2,59 1,77

/proc/meminfo:
MemTotal:        7852748 kB
MemFree:          101508 kB
MemAvailable:       8752 kB
Buffers:             680 kB
Cached:           591556 kB
SwapCached:            0 kB
Active:          6878852 kB
Inactive:         545828 kB
Active(anon):    6866960 kB
Inactive(anon):   531264 kB
Active(file):      11892 kB
Inactive(file):    14564 kB
Unevictable:         288 kB
Mlocked:             288 kB
SwapTotal:             0 kB
SwapFree:              0 kB
Dirty:               208 kB
Writeback:             0 kB
AnonPages:       6833136 kB
Mapped:           295428 kB
Shmem:            565376 kB
Slab:             148852 kB
SReclaimable:      57584 kB
SUnreclaim:        91268 kB
KernelStack:       17008 kB
PageTables:        89056 kB
NFS_Unstable:          0 kB
Bounce:                0 kB
WritebackTmp:          0 kB
CommitLimit:     3926372 kB
Committed_AS:   15675424 kB
VmallocTotal:   34359738367 kB
VmallocUsed:           0 kB
VmallocChunk:          0 kB
HardwareCorrupted:     0 kB
AnonHugePages:         0 kB
ShmemHugePages:        0 kB
ShmemPmdMapped:        0 kB
CmaTotal:              0 kB
CmaFree:               0 kB
HugePages_Total:       0
HugePages_Free:        0
HugePages_Rsvd:        0
HugePages_Surp:        0
Hugepagesize:       2048 kB
DirectMap4k:      272444 kB
DirectMap2M:     7796736 kB
DirectMap1G:     1048576 kB


CPU:total 4 (initial active 4) (2 cores per cpu, 2 threads per core) family 6 model 69 stepping 1, cmov, cx8, fxsr, mmx, sse, sse2, sse3, ssse3, sse4.1, sse4.2, popcnt, avx, avx2, aes, clmul, erms, lzcnt, ht, tsc, tscinvbit, bmi1, bmi2

/proc/cpuinfo:
processor	: 0
vendor_id	: GenuineIntel
cpu family	: 6
model		: 69
model name	: Intel(R) Core(TM) i7-4600U CPU @ 2.10GHz
stepping	: 1
microcode	: 0x23
cpu MHz		: 2823.394
cache size	: 4096 KB
physical id	: 0
siblings	: 4
core id		: 0
cpu cores	: 2
apicid		: 0
initial apicid	: 0
fpu		: yes
fpu_exception	: yes
cpuid level	: 13
wp		: yes
flags		: fpu vme de pse tsc msr pae mce cx8 apic sep mtrr pge mca cmov pat pse36 clflush dts acpi mmx fxsr sse sse2 ss ht tm pbe syscall nx pdpe1gb rdtscp lm constant_tsc arch_perfmon pebs bts rep_good nopl xtopology nonstop_tsc cpuid aperfmperf pni pclmulqdq dtes64 monitor ds_cpl vmx smx est tm2 ssse3 sdbg fma cx16 xtpr pdcm pcid sse4_1 sse4_2 x2apic movbe popcnt tsc_deadline_timer aes xsave avx f16c rdrand lahf_lm abm cpuid_fault epb invpcid_single pti retpoline spec_ctrl tpr_shadow vnmi flexpriority ept vpid fsgsbase tsc_adjust bmi1 avx2 smep bmi2 erms invpcid xsaveopt dtherm ida arat pln pts
bugs		: cpu_meltdown spectre_v1 spectre_v2 spec_store_bypass
bogomips	: 5387.84
clflush size	: 64
cache_alignment	: 64
address sizes	: 39 bits physical, 48 bits virtual
power management:

processor	: 1
vendor_id	: GenuineIntel
cpu family	: 6
model		: 69
model name	: Intel(R) Core(TM) i7-4600U CPU @ 2.10GHz
stepping	: 1
microcode	: 0x23
cpu MHz		: 2814.938
cache size	: 4096 KB
physical id	: 0
siblings	: 4
core id		: 0
cpu cores	: 2
apicid		: 1
initial apicid	: 1
fpu		: yes
fpu_exception	: yes
cpuid level	: 13
wp		: yes
flags		: fpu vme de pse tsc msr pae mce cx8 apic sep mtrr pge mca cmov pat pse36 clflush dts acpi mmx fxsr sse sse2 ss ht tm pbe syscall nx pdpe1gb rdtscp lm constant_tsc arch_perfmon pebs bts rep_good nopl xtopology nonstop_tsc cpuid aperfmperf pni pclmulqdq dtes64 monitor ds_cpl vmx smx est tm2 ssse3 sdbg fma cx16 xtpr pdcm pcid sse4_1 sse4_2 x2apic movbe popcnt tsc_deadline_timer aes xsave avx f16c rdrand lahf_lm abm cpuid_fault epb invpcid_single pti retpoline spec_ctrl tpr_shadow vnmi flexpriority ept vpid fsgsbase tsc_adjust bmi1 avx2 smep bmi2 erms invpcid xsaveopt dtherm ida arat pln pts
bugs		: cpu_meltdown spectre_v1 spectre_v2 spec_store_bypass
bogomips	: 5387.84
clflush size	: 64
cache_alignment	: 64
address sizes	: 39 bits physical, 48 bits virtual
power management:

processor	: 2
vendor_id	: GenuineIntel
cpu family	: 6
model		: 69
model name	: Intel(R) Core(TM) i7-4600U CPU @ 2.10GHz
stepping	: 1
microcode	: 0x23
cpu MHz		: 2832.613
cache size	: 4096 KB
physical id	: 0
siblings	: 4
core id		: 1
cpu cores	: 2
apicid		: 2
initial apicid	: 2
fpu		: yes
fpu_exception	: yes
cpuid level	: 13
wp		: yes
flags		: fpu vme de pse tsc msr pae mce cx8 apic sep mtrr pge mca cmov pat pse36 clflush dts acpi mmx fxsr sse sse2 ss ht tm pbe syscall nx pdpe1gb rdtscp lm constant_tsc arch_perfmon pebs bts rep_good nopl xtopology nonstop_tsc cpuid aperfmperf pni pclmulqdq dtes64 monitor ds_cpl vmx smx est tm2 ssse3 sdbg fma cx16 xtpr pdcm pcid sse4_1 sse4_2 x2apic movbe popcnt tsc_deadline_timer aes xsave avx f16c rdrand lahf_lm abm cpuid_fault epb invpcid_single pti retpoline spec_ctrl tpr_shadow vnmi flexpriority ept vpid fsgsbase tsc_adjust bmi1 avx2 smep bmi2 erms invpcid xsaveopt dtherm ida arat pln pts
bugs		: cpu_meltdown spectre_v1 spectre_v2 spec_store_bypass
bogomips	: 5387.84
clflush size	: 64
cache_alignment	: 64
address sizes	: 39 bits physical, 48 bits virtual
power management:

processor	: 3
vendor_id	: GenuineIntel
cpu family	: 6
model		: 69
model name	: Intel(R) Core(TM) i7-4600U CPU @ 2.10GHz
stepping	: 1
microcode	: 0x23
cpu MHz		: 2843.214
cache size	: 4096 KB
physical id	: 0
siblings	: 4
core id		: 1
cpu cores	: 2
apicid		: 3
initial apicid	: 3
fpu		: yes
fpu_exception	: yes
cpuid level	: 13
wp		: yes
flags		: fpu vme de pse tsc msr pae mce cx8 apic sep mtrr pge mca cmov pat pse36 clflush dts acpi mmx fxsr sse sse2 ss ht tm pbe syscall nx pdpe1gb rdtscp lm constant_tsc arch_perfmon pebs bts rep_good nopl xtopology nonstop_tsc cpuid aperfmperf pni pclmulqdq dtes64 monitor ds_cpl vmx smx est tm2 ssse3 sdbg fma cx16 xtpr pdcm pcid sse4_1 sse4_2 x2apic movbe popcnt tsc_deadline_timer aes xsave avx f16c rdrand lahf_lm abm cpuid_fault epb invpcid_single pti retpoline spec_ctrl tpr_shadow vnmi flexpriority ept vpid fsgsbase tsc_adjust bmi1 avx2 smep bmi2 erms invpcid xsaveopt dtherm ida arat pln pts
bugs		: cpu_meltdown spectre_v1 spectre_v2 spec_store_bypass
bogomips	: 5387.84
clflush size	: 64
cache_alignment	: 64
address sizes	: 39 bits physical, 48 bits virtual
power management:



Memory: 4k page, physical 7852748k(102212k free), swap 0k(0k free)

vm_info: OpenJDK 64-Bit Server VM (25.171-b11) for linux-amd64 JRE (1.8.0_171-8u171-b11-0ubuntu0.17.10.1-b11), built on Apr 26 2018 15:59:34 by "buildd" with gcc 7.2.0

time: Thu Aug  9 13:36:26 2018
elapsed time: 18 seconds (0d 0h 0m 18s)

